18:18:00 **** Build of configuration Nios II for project usb_kb_bsp ****
make all 
[BSP build complete]
18:18:04 **** Build of configuration Nios II for project usb_kb ****
make all 
Info: Building ../usb_kb_bsp/
C:/intelFPGA_lite/18.1/nios2eds/bin/gnu/H-x86_64-mingw32/bin/make --no-print-directory -C ../usb_kb_bsp/
[BSP build complete]
Info: Linking usb_kb.elf
nios2-elf-g++  -T'../usb_kb_bsp//linker.x' -msys-crt0='../usb_kb_bsp//obj/HAL/src/crt0.o' -msys-lib=hal_bsp -L../usb_kb_bsp/   -Wl,-Map=usb_kb.map   -O0 -g -Wall   -mno-hw-div -mno-hw-mul -mno-hw-mulx -mgpopt=global  -o usb_kb.elf obj/default/main.o obj/default/usb_kb/HID.o obj/default/usb_kb/MAX3421E.o obj/default/usb_kb/transfer.o -lm -msys-lib=m
obj/default/usb_kb/MAX3421E.o: In function `MAXreg_wr':
C:\Users\shenj\OneDrive\Desktop\ECE385\lab6_2\software\usb_kb/usb_kb/MAX3421E.c:31: undefined reference to `print'
obj/default/usb_kb/MAX3421E.o: In function `MAXbytes_wr':
C:\Users\shenj\OneDrive\Desktop\ECE385\lab6_2\software\usb_kb/usb_kb/MAX3421E.c:49: undefined reference to `print'
obj/default/usb_kb/MAX3421E.o: In function `MAXreg_rd':
C:\Users\shenj\OneDrive\Desktop\ECE385\lab6_2\software\usb_kb/usb_kb/MAX3421E.c:73: undefined reference to `print'
obj/default/usb_kb/MAX3421E.o: In function `MAXbytes_rd':
C:\Users\shenj\OneDrive\Desktop\ECE385\lab6_2\software\usb_kb/usb_kb/MAX3421E.c:98: undefined reference to `print'
collect2.exe: error: ld returned 1 exit status
make: *** [usb_kb.elf] Error 1
18:18:06 **** Incremental Build of configuration Nios II for project usb_kb_bsp ****
make all 
[BSP build complete]
18:21:39 **** Incremental Build of configuration Nios II for project usb_kb ****
make all 
Info: Building ../usb_kb_bsp/
C:/intelFPGA_lite/18.1/nios2eds/bin/gnu/H-x86_64-mingw32/bin/make --no-print-directory -C ../usb_kb_bsp/
[BSP build complete]
Info: Linking usb_kb.elf
nios2-elf-g++  -T'../usb_kb_bsp//linker.x' -msys-crt0='../usb_kb_bsp//obj/HAL/src/crt0.o' -msys-lib=hal_bsp -L../usb_kb_bsp/   -Wl,-Map=usb_kb.map   -O0 -g -Wall   -mno-hw-div -mno-hw-mul -mno-hw-mulx -mgpopt=global  -o usb_kb.elf obj/default/main.o obj/default/usb_kb/HID.o obj/default/usb_kb/MAX3421E.o obj/default/usb_kb/transfer.o -lm -msys-lib=m
obj/default/usb_kb/MAX3421E.o: In function `MAXreg_wr':
C:\Users\shenj\OneDrive\Desktop\ECE385\lab6_2\software\usb_kb/usb_kb/MAX3421E.c:31: undefined reference to `print'
obj/default/usb_kb/MAX3421E.o: In function `MAXbytes_wr':
C:\Users\shenj\OneDrive\Desktop\ECE385\lab6_2\software\usb_kb/usb_kb/MAX3421E.c:49: undefined reference to `print'
obj/default/usb_kb/MAX3421E.o: In function `MAXreg_rd':
C:\Users\shenj\OneDrive\Desktop\ECE385\lab6_2\software\usb_kb/usb_kb/MAX3421E.c:73: undefined reference to `print'
obj/default/usb_kb/MAX3421E.o: In function `MAXbytes_rd':
C:\Users\shenj\OneDrive\Desktop\ECE385\lab6_2\software\usb_kb/usb_kb/MAX3421E.c:98: undefined reference to `print'
collect2.exe: error: ld returned 1 exit status
make: *** [usb_kb.elf] Error 1
18:21:41 **** Incremental Build of configuration Nios II for project usb_kb_bsp ****
make all 
[BSP build complete]
18:22:41 **** Incremental Build of configuration Nios II for project usb_kb ****
make all 
Info: Building ../usb_kb_bsp/
C:/intelFPGA_lite/18.1/nios2eds/bin/gnu/H-x86_64-mingw32/bin/make --no-print-directory -C ../usb_kb_bsp/
[BSP build complete]
Info: Compiling usb_kb/MAX3421E.c to obj/default/usb_kb/MAX3421E.o
nios2-elf-gcc -xc -MP -MMD -c -I../usb_kb_bsp//HAL/inc -I../usb_kb_bsp/ -I../usb_kb_bsp//drivers/inc  -pipe -D__hal__ -DALT_NO_INSTRUCTION_EMULATION -DALT_SINGLE_THREADED    -O0 -g -Wall   -mno-hw-div -mno-hw-mul -mno-hw-mulx -mgpopt=global  -o obj/default/usb_kb/MAX3421E.o usb_kb/MAX3421E.c
usb_kb/MAX3421E.c: In function 'MAXreg_wr':
usb_kb/MAX3421E.c:36:17: warning: initialization makes integer from pointer without a cast [-Wint-conversion]
  alt_u8 x[2] = {&reg+2,&val};
                 ^
usb_kb/MAX3421E.c:36:17: note: (near initialization for 'x[0]')
usb_kb/MAX3421E.c:36:24: warning: initialization makes integer from pointer without a cast [-Wint-conversion]
  alt_u8 x[2] = {&reg+2,&val};
                        ^
usb_kb/MAX3421E.c:36:24: note: (near initialization for 'x[1]')
usb_kb/MAX3421E.c: In function 'MAXbytes_wr':
usb_kb/MAX3421E.c:55:7: warning: assignment makes integer from pointer without a cast [-Wint-conversion]
  x[0] = &reg+2;
       ^
usb_kb/MAX3421E.c: In function 'MAXbytes_rd':
usb_kb/MAX3421E.c:101:20: warning: initialization makes integer from pointer without a cast [-Wint-conversion]
     alt_u8 x[1] = {&reg};
                    ^
usb_kb/MAX3421E.c:101:20: note: (near initialization for 'x[0]')
usb_kb/MAX3421E.c:99:6: warning: unused variable 'i' [-Wunused-variable]
  int i;
      ^
usb_kb/MAX3421E.c: In function 'MaxGpxHandler':
usb_kb/MAX3421E.c:247:7: warning: variable 'GPINIRQ' set but not used [-Wunused-but-set-variable]
  BYTE GPINIRQ;
       ^
usb_kb/MAX3421E.c: In function 'SPI_wr':
usb_kb/MAX3421E.c:28:1: warning: control reaches end of non-void function [-Wreturn-type]
 }
 ^
Info: Linking usb_kb.elf
nios2-elf-g++  -T'../usb_kb_bsp//linker.x' -msys-crt0='../usb_kb_bsp//obj/HAL/src/crt0.o' -msys-lib=hal_bsp -L../usb_kb_bsp/   -Wl,-Map=usb_kb.map   -O0 -g -Wall   -mno-hw-div -mno-hw-mul -mno-hw-mulx -mgpopt=global  -o usb_kb.elf obj/default/main.o obj/default/usb_kb/HID.o obj/default/usb_kb/MAX3421E.o obj/default/usb_kb/transfer.o -lm -msys-lib=m
nios2-elf-insert usb_kb.elf --thread_model hal --cpu_name nios2_gen2_0 --qsys true --simulation_enabled false --id 0 --sidp 0x1e8 --timestamp 1634768704 --stderr_dev jtag_uart_0 --stdin_dev jtag_uart_0 --stdout_dev jtag_uart_0 --sopc_system_name lab62soc --quartus_project_dir "C:/Users/shenj/OneDrive/Desktop/ECE385/lab6_2" --jdi ../..//output_files/lab6_2.jdi --sopcinfo C:/Users/shenj/OneDrive/Desktop/ECE385/lab6_2/software/usb_kb_bsp/../../lab62soc.sopcinfo
Info: (usb_kb.elf) 82 KBytes program size (code + initialized data).
Info:              65446 KBytes free for stack + heap.
Info: Creating usb_kb.objdump
nios2-elf-objdump --disassemble --syms --all-header --source usb_kb.elf >usb_kb.objdump
[usb_kb build complete]
18:22:44 **** Incremental Build of configuration Nios II for project usb_kb_bsp ****
make all 
[BSP build complete]
18:22:59 **** Incremental Build of configuration Nios II for project usb_kb ****
make all 
Info: Building ../usb_kb_bsp/
C:/intelFPGA_lite/18.1/nios2eds/bin/gnu/H-x86_64-mingw32/bin/make --no-print-directory -C ../usb_kb_bsp/
[BSP build complete]
[usb_kb build complete]
18:25:00 **** Incremental Build of configuration Nios II for project usb_kb ****
make all 
Info: Building ../usb_kb_bsp/
C:/intelFPGA_lite/18.1/nios2eds/bin/gnu/H-x86_64-mingw32/bin/make --no-print-directory -C ../usb_kb_bsp/
[BSP build complete]
Info: Compiling usb_kb/MAX3421E.c to obj/default/usb_kb/MAX3421E.o
nios2-elf-gcc -xc -MP -MMD -c -I../usb_kb_bsp//HAL/inc -I../usb_kb_bsp/ -I../usb_kb_bsp//drivers/inc  -pipe -D__hal__ -DALT_NO_INSTRUCTION_EMULATION -DALT_SINGLE_THREADED    -O0 -g -Wall   -mno-hw-div -mno-hw-mul -mno-hw-mulx -mgpopt=global  -o obj/default/usb_kb/MAX3421E.o usb_kb/MAX3421E.c
usb_kb/MAX3421E.c: In function 'MAXreg_wr':
usb_kb/MAX3421E.c:36:17: warning: initialization makes integer from pointer without a cast [-Wint-conversion]
  alt_u8 x[2] = {&reg+2,&val};
                 ^
usb_kb/MAX3421E.c:36:17: note: (near initialization for 'x[0]')
usb_kb/MAX3421E.c:36:24: warning: initialization makes integer from pointer without a cast [-Wint-conversion]
  alt_u8 x[2] = {&reg+2,&val};
                        ^
usb_kb/MAX3421E.c:36:24: note: (near initialization for 'x[1]')
usb_kb/MAX3421E.c: In function 'MAXbytes_wr':
usb_kb/MAX3421E.c:55:7: warning: assignment makes integer from pointer without a cast [-Wint-conversion]
  x[0] = &reg+2;
       ^
usb_kb/MAX3421E.c: In function 'MAXbytes_rd':
usb_kb/MAX3421E.c:101:20: warning: initialization makes integer from pointer without a cast [-Wint-conversion]
     alt_u8 x[1] = {&reg};
                    ^
usb_kb/MAX3421E.c:101:20: note: (near initialization for 'x[0]')
usb_kb/MAX3421E.c:99:6: warning: unused variable 'i' [-Wunused-variable]
  int i;
      ^
usb_kb/MAX3421E.c: In function 'MaxGpxHandler':
usb_kb/MAX3421E.c:247:7: warning: variable 'GPINIRQ' set but not used [-Wunused-but-set-variable]
  BYTE GPINIRQ;
       ^
usb_kb/MAX3421E.c: In function 'SPI_wr':
usb_kb/MAX3421E.c:28:1: warning: control reaches end of non-void function [-Wreturn-type]
 }
 ^
Info: Linking usb_kb.elf
nios2-elf-g++  -T'../usb_kb_bsp//linker.x' -msys-crt0='../usb_kb_bsp//obj/HAL/src/crt0.o' -msys-lib=hal_bsp -L../usb_kb_bsp/   -Wl,-Map=usb_kb.map   -O0 -g -Wall   -mno-hw-div -mno-hw-mul -mno-hw-mulx -mgpopt=global  -o usb_kb.elf obj/default/main.o obj/default/usb_kb/HID.o obj/default/usb_kb/MAX3421E.o obj/default/usb_kb/transfer.o -lm -msys-lib=m
nios2-elf-insert usb_kb.elf --thread_model hal --cpu_name nios2_gen2_0 --qsys true --simulation_enabled false --id 0 --sidp 0x1e8 --timestamp 1634768704 --stderr_dev jtag_uart_0 --stdin_dev jtag_uart_0 --stdout_dev jtag_uart_0 --sopc_system_name lab62soc --quartus_project_dir "C:/Users/shenj/OneDrive/Desktop/ECE385/lab6_2" --jdi ../..//output_files/lab6_2.jdi --sopcinfo C:/Users/shenj/OneDrive/Desktop/ECE385/lab6_2/software/usb_kb_bsp/../../lab62soc.sopcinfo
Info: (usb_kb.elf) 82 KBytes program size (code + initialized data).
Info:              65446 KBytes free for stack + heap.
Info: Creating usb_kb.objdump
nios2-elf-objdump --disassemble --syms --all-header --source usb_kb.elf >usb_kb.objdump
[usb_kb build complete]
18:26:43 **** Incremental Build of configuration Nios II for project usb_kb ****
make all 
Info: Building ../usb_kb_bsp/
C:/intelFPGA_lite/18.1/nios2eds/bin/gnu/H-x86_64-mingw32/bin/make --no-print-directory -C ../usb_kb_bsp/
[BSP build complete]
Info: Compiling usb_kb/MAX3421E.c to obj/default/usb_kb/MAX3421E.o
nios2-elf-gcc -xc -MP -MMD -c -I../usb_kb_bsp//HAL/inc -I../usb_kb_bsp/ -I../usb_kb_bsp//drivers/inc  -pipe -D__hal__ -DALT_NO_INSTRUCTION_EMULATION -DALT_SINGLE_THREADED    -O0 -g -Wall   -mno-hw-div -mno-hw-mul -mno-hw-mulx -mgpopt=global  -o obj/default/usb_kb/MAX3421E.o usb_kb/MAX3421E.c
usb_kb/MAX3421E.c: In function 'MAXreg_wr':
usb_kb/MAX3421E.c:36:17: warning: initialization makes integer from pointer without a cast [-Wint-conversion]
  alt_u8 x[2] = {&reg+2,&val};
                 ^
usb_kb/MAX3421E.c:36:17: note: (near initialization for 'x[0]')
usb_kb/MAX3421E.c:36:24: warning: initialization makes integer from pointer without a cast [-Wint-conversion]
  alt_u8 x[2] = {&reg+2,&val};
                        ^
usb_kb/MAX3421E.c:36:24: note: (near initialization for 'x[1]')
usb_kb/MAX3421E.c: In function 'MAXbytes_wr':
usb_kb/MAX3421E.c:56:7: warning: assignment makes integer from pointer without a cast [-Wint-conversion]
  x[0] = &reg+2;
       ^
usb_kb/MAX3421E.c: In function 'MAXbytes_rd':
usb_kb/MAX3421E.c:102:20: warning: initialization makes integer from pointer without a cast [-Wint-conversion]
     alt_u8 x[1] = {&reg};
                    ^
usb_kb/MAX3421E.c:102:20: note: (near initialization for 'x[0]')
usb_kb/MAX3421E.c:100:6: warning: unused variable 'i' [-Wunused-variable]
  int i;
      ^
usb_kb/MAX3421E.c: In function 'MaxGpxHandler':
usb_kb/MAX3421E.c:248:7: warning: variable 'GPINIRQ' set but not used [-Wunused-but-set-variable]
  BYTE GPINIRQ;
       ^
usb_kb/MAX3421E.c: In function 'SPI_wr':
usb_kb/MAX3421E.c:28:1: warning: control reaches end of non-void function [-Wreturn-type]
 }
 ^
usb_kb/MAX3421E.c: In function 'MAXreg_rd':
usb_kb/MAX3421E.c:83:14: warning: 'read_data' is used uninitialized in this function [-Wuninitialized]
  return_code = alt_avalon_spi_command(SPI0_BASE,0,1,&reg,1,read_data,0);
              ^
Info: Linking usb_kb.elf
nios2-elf-g++  -T'../usb_kb_bsp//linker.x' -msys-crt0='../usb_kb_bsp//obj/HAL/src/crt0.o' -msys-lib=hal_bsp -L../usb_kb_bsp/   -Wl,-Map=usb_kb.map   -O0 -g -Wall   -mno-hw-div -mno-hw-mul -mno-hw-mulx -mgpopt=global  -o usb_kb.elf obj/default/main.o obj/default/usb_kb/HID.o obj/default/usb_kb/MAX3421E.o obj/default/usb_kb/transfer.o -lm -msys-lib=m
nios2-elf-insert usb_kb.elf --thread_model hal --cpu_name nios2_gen2_0 --qsys true --simulation_enabled false --id 0 --sidp 0x1e8 --timestamp 1634768704 --stderr_dev jtag_uart_0 --stdin_dev jtag_uart_0 --stdout_dev jtag_uart_0 --sopc_system_name lab62soc --quartus_project_dir "C:/Users/shenj/OneDrive/Desktop/ECE385/lab6_2" --jdi ../..//output_files/lab6_2.jdi --sopcinfo C:/Users/shenj/OneDrive/Desktop/ECE385/lab6_2/software/usb_kb_bsp/../../lab62soc.sopcinfo
Info: (usb_kb.elf) 82 KBytes program size (code + initialized data).
Info:              65446 KBytes free for stack + heap.
Info: Creating usb_kb.objdump
nios2-elf-objdump --disassemble --syms --all-header --source usb_kb.elf >usb_kb.objdump
[usb_kb build complete]
18:26:46 **** Incremental Build of configuration Nios II for project usb_kb_bsp ****
make all 
[BSP build complete]
18:27:01 **** Incremental Build of configuration Nios II for project usb_kb ****
make all 
Info: Building ../usb_kb_bsp/
C:/intelFPGA_lite/18.1/nios2eds/bin/gnu/H-x86_64-mingw32/bin/make --no-print-directory -C ../usb_kb_bsp/
[BSP build complete]
[usb_kb build complete]
18:31:50 **** Incremental Build of configuration Nios II for project usb_kb ****
make all 
Info: Building ../usb_kb_bsp/
C:/intelFPGA_lite/18.1/nios2eds/bin/gnu/H-x86_64-mingw32/bin/make --no-print-directory -C ../usb_kb_bsp/
[BSP build complete]
Info: Compiling usb_kb/MAX3421E.c to obj/default/usb_kb/MAX3421E.o
nios2-elf-gcc -xc -MP -MMD -c -I../usb_kb_bsp//HAL/inc -I../usb_kb_bsp/ -I../usb_kb_bsp//drivers/inc  -pipe -D__hal__ -DALT_NO_INSTRUCTION_EMULATION -DALT_SINGLE_THREADED    -O0 -g -Wall   -mno-hw-div -mno-hw-mul -mno-hw-mulx -mgpopt=global  -o obj/default/usb_kb/MAX3421E.o usb_kb/MAX3421E.c
usb_kb/MAX3421E.c: In function 'MAXreg_wr':
usb_kb/MAX3421E.c:36:17: warning: initialization makes integer from pointer without a cast [-Wint-conversion]
  alt_u8 x[2] = {&reg+2,&val};
                 ^
usb_kb/MAX3421E.c:36:17: note: (near initialization for 'x[0]')
usb_kb/MAX3421E.c:36:24: warning: initialization makes integer from pointer without a cast [-Wint-conversion]
  alt_u8 x[2] = {&reg+2,&val};
                        ^
usb_kb/MAX3421E.c:36:24: note: (near initialization for 'x[1]')
usb_kb/MAX3421E.c: In function 'MAXbytes_wr':
usb_kb/MAX3421E.c:56:7: warning: assignment makes integer from pointer without a cast [-Wint-conversion]
  x[0] = &reg+2;
       ^
usb_kb/MAX3421E.c: In function 'MAXbytes_rd':
usb_kb/MAX3421E.c:102:20: warning: initialization makes integer from pointer without a cast [-Wint-conversion]
     alt_u8 x[1] = {&reg};
                    ^
usb_kb/MAX3421E.c:102:20: note: (near initialization for 'x[0]')
usb_kb/MAX3421E.c:100:6: warning: unused variable 'i' [-Wunused-variable]
  int i;
      ^
usb_kb/MAX3421E.c: In function 'MaxGpxHandler':
usb_kb/MAX3421E.c:248:7: warning: variable 'GPINIRQ' set but not used [-Wunused-but-set-variable]
  BYTE GPINIRQ;
       ^
usb_kb/MAX3421E.c: In function 'SPI_wr':
usb_kb/MAX3421E.c:28:1: warning: control reaches end of non-void function [-Wreturn-type]
 }
 ^
Info: Linking usb_kb.elf
nios2-elf-g++  -T'../usb_kb_bsp//linker.x' -msys-crt0='../usb_kb_bsp//obj/HAL/src/crt0.o' -msys-lib=hal_bsp -L../usb_kb_bsp/   -Wl,-Map=usb_kb.map   -O0 -g -Wall   -mno-hw-div -mno-hw-mul -mno-hw-mulx -mgpopt=global  -o usb_kb.elf obj/default/main.o obj/default/usb_kb/HID.o obj/default/usb_kb/MAX3421E.o obj/default/usb_kb/transfer.o -lm -msys-lib=m
obj/default/usb_kb/MAX3421E.o: In function `MAX3421E_reset':
C:\Users\shenj\OneDrive\Desktop\ECE385\lab6_2\software\usb_kb/usb_kb/MAX3421E.c:127: undefined reference to `MAXreg_rd'
obj/default/usb_kb/MAX3421E.o: In function `MAX_busprobe':
C:\Users\shenj\OneDrive\Desktop\ECE385\lab6_2\software\usb_kb/usb_kb/MAX3421E.c:148: undefined reference to `MAXreg_rd'
C:\Users\shenj\OneDrive\Desktop\ECE385\lab6_2\software\usb_kb/usb_kb/MAX3421E.c:155: undefined reference to `MAXreg_rd'
C:\Users\shenj\OneDrive\Desktop\ECE385\lab6_2\software\usb_kb/usb_kb/MAX3421E.c:167: undefined reference to `MAXreg_rd'
obj/default/usb_kb/MAX3421E.o: In function `MaxIntHandler':
C:\Users\shenj\OneDrive\Desktop\ECE385\lab6_2\software\usb_kb/usb_kb/MAX3421E.c:225: undefined reference to `MAXreg_rd'
obj/default/usb_kb/MAX3421E.o:C:\Users\shenj\OneDrive\Desktop\ECE385\lab6_2\software\usb_kb/usb_kb/MAX3421E.c:249: more undefined references to `MAXreg_rd' follow
collect2.exe: error: ld returned 1 exit status
make: *** [usb_kb.elf] Error 1
18:31:52 **** Incremental Build of configuration Nios II for project usb_kb_bsp ****
make all 
[BSP build complete]
18:32:58 **** Incremental Build of configuration Nios II for project usb_kb ****
make all 
Info: Building ../usb_kb_bsp/
C:/intelFPGA_lite/18.1/nios2eds/bin/gnu/H-x86_64-mingw32/bin/make --no-print-directory -C ../usb_kb_bsp/
[BSP build complete]
Info: Compiling usb_kb/MAX3421E.c to obj/default/usb_kb/MAX3421E.o
nios2-elf-gcc -xc -MP -MMD -c -I../usb_kb_bsp//HAL/inc -I../usb_kb_bsp/ -I../usb_kb_bsp//drivers/inc  -pipe -D__hal__ -DALT_NO_INSTRUCTION_EMULATION -DALT_SINGLE_THREADED    -O0 -g -Wall   -mno-hw-div -mno-hw-mul -mno-hw-mulx -mgpopt=global  -o obj/default/usb_kb/MAX3421E.o usb_kb/MAX3421E.c
usb_kb/MAX3421E.c: In function 'MAXreg_wr':
usb_kb/MAX3421E.c:36:17: warning: initialization makes integer from pointer without a cast [-Wint-conversion]
  alt_u8 x[2] = {&reg+2,&val};
                 ^
usb_kb/MAX3421E.c:36:17: note: (near initialization for 'x[0]')
usb_kb/MAX3421E.c:36:24: warning: initialization makes integer from pointer without a cast [-Wint-conversion]
  alt_u8 x[2] = {&reg+2,&val};
                        ^
usb_kb/MAX3421E.c:36:24: note: (near initialization for 'x[1]')
usb_kb/MAX3421E.c: In function 'MAXbytes_wr':
usb_kb/MAX3421E.c:56:7: warning: assignment makes integer from pointer without a cast [-Wint-conversion]
  x[0] = &reg+2;
       ^
usb_kb/MAX3421E.c: In function 'MAXbytes_rd':
usb_kb/MAX3421E.c:102:20: warning: initialization makes integer from pointer without a cast [-Wint-conversion]
     alt_u8 x[1] = {&reg};
                    ^
usb_kb/MAX3421E.c:102:20: note: (near initialization for 'x[0]')
usb_kb/MAX3421E.c:100:6: warning: unused variable 'i' [-Wunused-variable]
  int i;
      ^
usb_kb/MAX3421E.c: In function 'MaxGpxHandler':
usb_kb/MAX3421E.c:248:7: warning: variable 'GPINIRQ' set but not used [-Wunused-but-set-variable]
  BYTE GPINIRQ;
       ^
usb_kb/MAX3421E.c: In function 'SPI_wr':
usb_kb/MAX3421E.c:28:1: warning: control reaches end of non-void function [-Wreturn-type]
 }
 ^
usb_kb/MAX3421E.c: In function 'MAXreg_rd':
usb_kb/MAX3421E.c:91:1: warning: control reaches end of non-void function [-Wreturn-type]
 }
 ^
Info: Linking usb_kb.elf
nios2-elf-g++  -T'../usb_kb_bsp//linker.x' -msys-crt0='../usb_kb_bsp//obj/HAL/src/crt0.o' -msys-lib=hal_bsp -L../usb_kb_bsp/   -Wl,-Map=usb_kb.map   -O0 -g -Wall   -mno-hw-div -mno-hw-mul -mno-hw-mulx -mgpopt=global  -o usb_kb.elf obj/default/main.o obj/default/usb_kb/HID.o obj/default/usb_kb/MAX3421E.o obj/default/usb_kb/transfer.o -lm -msys-lib=m
nios2-elf-insert usb_kb.elf --thread_model hal --cpu_name nios2_gen2_0 --qsys true --simulation_enabled false --id 0 --sidp 0x1e8 --timestamp 1634768704 --stderr_dev jtag_uart_0 --stdin_dev jtag_uart_0 --stdout_dev jtag_uart_0 --sopc_system_name lab62soc --quartus_project_dir "C:/Users/shenj/OneDrive/Desktop/ECE385/lab6_2" --jdi ../..//output_files/lab6_2.jdi --sopcinfo C:/Users/shenj/OneDrive/Desktop/ECE385/lab6_2/software/usb_kb_bsp/../../lab62soc.sopcinfo
Info: (usb_kb.elf) 82 KBytes program size (code + initialized data).
Info:              65446 KBytes free for stack + heap.
Info: Creating usb_kb.objdump
nios2-elf-objdump --disassemble --syms --all-header --source usb_kb.elf >usb_kb.objdump
[usb_kb build complete]
18:33:01 **** Incremental Build of configuration Nios II for project usb_kb_bsp ****
make all 
[BSP build complete]
18:33:29 **** Incremental Build of configuration Nios II for project usb_kb ****
make all 
Info: Building ../usb_kb_bsp/
C:/intelFPGA_lite/18.1/nios2eds/bin/gnu/H-x86_64-mingw32/bin/make --no-print-directory -C ../usb_kb_bsp/
[BSP build complete]
[usb_kb build complete]
18:33:31 **** Incremental Build of configuration Nios II for project usb_kb_bsp ****
make all 
[BSP build complete]
18:34:12 **** Incremental Build of configuration Nios II for project usb_kb ****
make all 
Info: Building ../usb_kb_bsp/
C:/intelFPGA_lite/18.1/nios2eds/bin/gnu/H-x86_64-mingw32/bin/make --no-print-directory -C ../usb_kb_bsp/
[BSP build complete]
[usb_kb build complete]
18:35:55 **** Incremental Build of configuration Nios II for project usb_kb ****
make all 
Info: Building ../usb_kb_bsp/
C:/intelFPGA_lite/18.1/nios2eds/bin/gnu/H-x86_64-mingw32/bin/make --no-print-directory -C ../usb_kb_bsp/
[BSP build complete]
Info: Compiling usb_kb/MAX3421E.c to obj/default/usb_kb/MAX3421E.o
nios2-elf-gcc -xc -MP -MMD -c -I../usb_kb_bsp//HAL/inc -I../usb_kb_bsp/ -I../usb_kb_bsp//drivers/inc  -pipe -D__hal__ -DALT_NO_INSTRUCTION_EMULATION -DALT_SINGLE_THREADED    -O0 -g -Wall   -mno-hw-div -mno-hw-mul -mno-hw-mulx -mgpopt=global  -o obj/default/usb_kb/MAX3421E.o usb_kb/MAX3421E.c
usb_kb/MAX3421E.c: In function 'MAXreg_wr':
usb_kb/MAX3421E.c:35:17: warning: initialization makes integer from pointer without a cast [-Wint-conversion]
  alt_u8 x[2] = {&reg+2,&val};
                 ^
usb_kb/MAX3421E.c:35:17: note: (near initialization for 'x[0]')
usb_kb/MAX3421E.c:35:24: warning: initialization makes integer from pointer without a cast [-Wint-conversion]
  alt_u8 x[2] = {&reg+2,&val};
                        ^
usb_kb/MAX3421E.c:35:24: note: (near initialization for 'x[1]')
usb_kb/MAX3421E.c: In function 'MAXbytes_wr':
usb_kb/MAX3421E.c:54:7: warning: assignment makes integer from pointer without a cast [-Wint-conversion]
  x[0] = &reg+2;
       ^
usb_kb/MAX3421E.c: In function 'MAXbytes_rd':
usb_kb/MAX3421E.c:98:20: warning: initialization makes integer from pointer without a cast [-Wint-conversion]
     alt_u8 x[1] = {&reg};
                    ^
usb_kb/MAX3421E.c:98:20: note: (near initialization for 'x[0]')
usb_kb/MAX3421E.c:96:6: warning: unused variable 'i' [-Wunused-variable]
  int i;
      ^
usb_kb/MAX3421E.c: In function 'MaxGpxHandler':
usb_kb/MAX3421E.c:244:7: warning: variable 'GPINIRQ' set but not used [-Wunused-but-set-variable]
  BYTE GPINIRQ;
       ^
usb_kb/MAX3421E.c: In function 'SPI_wr':
usb_kb/MAX3421E.c:28:1: warning: control reaches end of non-void function [-Wreturn-type]
 }
 ^
usb_kb/MAX3421E.c: In function 'MAXreg_rd':
usb_kb/MAX3421E.c:80:14: warning: 'read_data' is used uninitialized in this function [-Wuninitialized]
  return_code = alt_avalon_spi_command(SPI0_BASE,0,1,&reg,1,read_data,0);
              ^
Info: Linking usb_kb.elf
nios2-elf-g++  -T'../usb_kb_bsp//linker.x' -msys-crt0='../usb_kb_bsp//obj/HAL/src/crt0.o' -msys-lib=hal_bsp -L../usb_kb_bsp/   -Wl,-Map=usb_kb.map   -O0 -g -Wall   -mno-hw-div -mno-hw-mul -mno-hw-mulx -mgpopt=global  -o usb_kb.elf obj/default/main.o obj/default/usb_kb/HID.o obj/default/usb_kb/MAX3421E.o obj/default/usb_kb/transfer.o -lm -msys-lib=m
nios2-elf-insert usb_kb.elf --thread_model hal --cpu_name nios2_gen2_0 --qsys true --simulation_enabled false --id 0 --sidp 0x1e8 --timestamp 1634768704 --stderr_dev jtag_uart_0 --stdin_dev jtag_uart_0 --stdout_dev jtag_uart_0 --sopc_system_name lab62soc --quartus_project_dir "C:/Users/shenj/OneDrive/Desktop/ECE385/lab6_2" --jdi ../..//output_files/lab6_2.jdi --sopcinfo C:/Users/shenj/OneDrive/Desktop/ECE385/lab6_2/software/usb_kb_bsp/../../lab62soc.sopcinfo
Info: (usb_kb.elf) 82 KBytes program size (code + initialized data).
Info:              65446 KBytes free for stack + heap.
Info: Creating usb_kb.objdump
nios2-elf-objdump --disassemble --syms --all-header --source usb_kb.elf >usb_kb.objdump
[usb_kb build complete]
18:35:59 **** Incremental Build of configuration Nios II for project usb_kb_bsp ****
make all 
[BSP build complete]
18:39:20 **** Incremental Build of configuration Nios II for project usb_kb ****
make all 
Info: Building ../usb_kb_bsp/
C:/intelFPGA_lite/18.1/nios2eds/bin/gnu/H-x86_64-mingw32/bin/make --no-print-directory -C ../usb_kb_bsp/
[BSP build complete]
Info: Compiling usb_kb/MAX3421E.c to obj/default/usb_kb/MAX3421E.o
nios2-elf-gcc -xc -MP -MMD -c -I../usb_kb_bsp//HAL/inc -I../usb_kb_bsp/ -I../usb_kb_bsp//drivers/inc  -pipe -D__hal__ -DALT_NO_INSTRUCTION_EMULATION -DALT_SINGLE_THREADED    -O0 -g -Wall   -mno-hw-div -mno-hw-mul -mno-hw-mulx -mgpopt=global  -o obj/default/usb_kb/MAX3421E.o usb_kb/MAX3421E.c
usb_kb/MAX3421E.c: In function 'MAXreg_wr':
usb_kb/MAX3421E.c:36:7: warning: assignment makes integer from pointer without a cast [-Wint-conversion]
  x[0] = &reg+2;
       ^
usb_kb/MAX3421E.c:37:7: warning: assignment makes integer from pointer without a cast [-Wint-conversion]
  x[1] = &val;
       ^
usb_kb/MAX3421E.c: In function 'MAXbytes_wr':
usb_kb/MAX3421E.c:56:7: warning: assignment makes integer from pointer without a cast [-Wint-conversion]
  x[0] = &reg+2;
       ^
usb_kb/MAX3421E.c: In function 'MAXbytes_rd':
usb_kb/MAX3421E.c:100:20: warning: initialization makes integer from pointer without a cast [-Wint-conversion]
     alt_u8 x[1] = {&reg};
                    ^
usb_kb/MAX3421E.c:100:20: note: (near initialization for 'x[0]')
usb_kb/MAX3421E.c:98:6: warning: unused variable 'i' [-Wunused-variable]
  int i;
      ^
usb_kb/MAX3421E.c: In function 'MaxGpxHandler':
usb_kb/MAX3421E.c:246:7: warning: variable 'GPINIRQ' set but not used [-Wunused-but-set-variable]
  BYTE GPINIRQ;
       ^
usb_kb/MAX3421E.c: In function 'SPI_wr':
usb_kb/MAX3421E.c:28:1: warning: control reaches end of non-void function [-Wreturn-type]
 }
 ^
usb_kb/MAX3421E.c: In function 'MAXreg_rd':
usb_kb/MAX3421E.c:82:14: warning: 'read_data' is used uninitialized in this function [-Wuninitialized]
  return_code = alt_avalon_spi_command(SPI0_BASE,0,1,&reg,1,read_data,0);
              ^
Info: Linking usb_kb.elf
nios2-elf-g++  -T'../usb_kb_bsp//linker.x' -msys-crt0='../usb_kb_bsp//obj/HAL/src/crt0.o' -msys-lib=hal_bsp -L../usb_kb_bsp/   -Wl,-Map=usb_kb.map   -O0 -g -Wall   -mno-hw-div -mno-hw-mul -mno-hw-mulx -mgpopt=global  -o usb_kb.elf obj/default/main.o obj/default/usb_kb/HID.o obj/default/usb_kb/MAX3421E.o obj/default/usb_kb/transfer.o -lm -msys-lib=m
nios2-elf-insert usb_kb.elf --thread_model hal --cpu_name nios2_gen2_0 --qsys true --simulation_enabled false --id 0 --sidp 0x1e8 --timestamp 1634768704 --stderr_dev jtag_uart_0 --stdin_dev jtag_uart_0 --stdout_dev jtag_uart_0 --sopc_system_name lab62soc --quartus_project_dir "C:/Users/shenj/OneDrive/Desktop/ECE385/lab6_2" --jdi ../..//output_files/lab6_2.jdi --sopcinfo C:/Users/shenj/OneDrive/Desktop/ECE385/lab6_2/software/usb_kb_bsp/../../lab62soc.sopcinfo
Info: (usb_kb.elf) 82 KBytes program size (code + initialized data).
Info:              65446 KBytes free for stack + heap.
Info: Creating usb_kb.objdump
nios2-elf-objdump --disassemble --syms --all-header --source usb_kb.elf >usb_kb.objdump
[usb_kb build complete]
18:39:23 **** Incremental Build of configuration Nios II for project usb_kb_bsp ****
make all 
[BSP build complete]
18:39:32 **** Incremental Build of configuration Nios II for project usb_kb ****
make all 
Info: Building ../usb_kb_bsp/
C:/intelFPGA_lite/18.1/nios2eds/bin/gnu/H-x86_64-mingw32/bin/make --no-print-directory -C ../usb_kb_bsp/
[BSP build complete]
Info: Compiling usb_kb/MAX3421E.c to obj/default/usb_kb/MAX3421E.o
nios2-elf-gcc -xc -MP -MMD -c -I../usb_kb_bsp//HAL/inc -I../usb_kb_bsp/ -I../usb_kb_bsp//drivers/inc  -pipe -D__hal__ -DALT_NO_INSTRUCTION_EMULATION -DALT_SINGLE_THREADED    -O0 -g -Wall   -mno-hw-div -mno-hw-mul -mno-hw-mulx -mgpopt=global  -o obj/default/usb_kb/MAX3421E.o usb_kb/MAX3421E.c
usb_kb/MAX3421E.c: In function 'MAXreg_wr':
usb_kb/MAX3421E.c:36:7: warning: assignment makes integer from pointer without a cast [-Wint-conversion]
  x[0] = &reg+2;
       ^
usb_kb/MAX3421E.c:37:7: warning: assignment makes integer from pointer without a cast [-Wint-conversion]
  x[1] = &val;
       ^
usb_kb/MAX3421E.c: In function 'MAXbytes_wr':
usb_kb/MAX3421E.c:56:7: warning: assignment makes integer from pointer without a cast [-Wint-conversion]
  x[0] = &reg+2;
       ^
usb_kb/MAX3421E.c: In function 'MAXbytes_rd':
usb_kb/MAX3421E.c:100:20: warning: initialization makes integer from pointer without a cast [-Wint-conversion]
     alt_u8 x[1] = {&reg};
                    ^
usb_kb/MAX3421E.c:100:20: note: (near initialization for 'x[0]')
usb_kb/MAX3421E.c:98:6: warning: unused variable 'i' [-Wunused-variable]
  int i;
      ^
usb_kb/MAX3421E.c: In function 'MaxGpxHandler':
usb_kb/MAX3421E.c:246:7: warning: variable 'GPINIRQ' set but not used [-Wunused-but-set-variable]
  BYTE GPINIRQ;
       ^
usb_kb/MAX3421E.c: In function 'SPI_wr':
usb_kb/MAX3421E.c:28:1: warning: control reaches end of non-void function [-Wreturn-type]
 }
 ^
usb_kb/MAX3421E.c: In function 'MAXreg_rd':
usb_kb/MAX3421E.c:82:14: warning: 'read_data' is used uninitialized in this function [-Wuninitialized]
  return_code = alt_avalon_spi_command(SPI0_BASE,0,1,&reg,1,read_data,0);
              ^
Info: Linking usb_kb.elf
nios2-elf-g++  -T'../usb_kb_bsp//linker.x' -msys-crt0='../usb_kb_bsp//obj/HAL/src/crt0.o' -msys-lib=hal_bsp -L../usb_kb_bsp/   -Wl,-Map=usb_kb.map   -O0 -g -Wall   -mno-hw-div -mno-hw-mul -mno-hw-mulx -mgpopt=global  -o usb_kb.elf obj/default/main.o obj/default/usb_kb/HID.o obj/default/usb_kb/MAX3421E.o obj/default/usb_kb/transfer.o -lm -msys-lib=m
nios2-elf-insert usb_kb.elf --thread_model hal --cpu_name nios2_gen2_0 --qsys true --simulation_enabled false --id 0 --sidp 0x1e8 --timestamp 1634768704 --stderr_dev jtag_uart_0 --stdin_dev jtag_uart_0 --stdout_dev jtag_uart_0 --sopc_system_name lab62soc --quartus_project_dir "C:/Users/shenj/OneDrive/Desktop/ECE385/lab6_2" --jdi ../..//output_files/lab6_2.jdi --sopcinfo C:/Users/shenj/OneDrive/Desktop/ECE385/lab6_2/software/usb_kb_bsp/../../lab62soc.sopcinfo
Info: (usb_kb.elf) 82 KBytes program size (code + initialized data).
Info:              65446 KBytes free for stack + heap.
Info: Creating usb_kb.objdump
nios2-elf-objdump --disassemble --syms --all-header --source usb_kb.elf >usb_kb.objdump
[usb_kb build complete]
18:40:45 **** Incremental Build of configuration Nios II for project usb_kb ****
make all 
Info: Building ../usb_kb_bsp/
C:/intelFPGA_lite/18.1/nios2eds/bin/gnu/H-x86_64-mingw32/bin/make --no-print-directory -C ../usb_kb_bsp/
[BSP build complete]
[usb_kb build complete]
18:41:30 **** Incremental Build of configuration Nios II for project usb_kb ****
make all 
Info: Building ../usb_kb_bsp/
C:/intelFPGA_lite/18.1/nios2eds/bin/gnu/H-x86_64-mingw32/bin/make --no-print-directory -C ../usb_kb_bsp/
[BSP build complete]
[usb_kb build complete]
18:42:01 **** Incremental Build of configuration Nios II for project usb_kb ****
make all 
Info: Building ../usb_kb_bsp/
C:/intelFPGA_lite/18.1/nios2eds/bin/gnu/H-x86_64-mingw32/bin/make --no-print-directory -C ../usb_kb_bsp/
[BSP build complete]
[usb_kb build complete]
18:43:55 **** Incremental Build of configuration Nios II for project usb_kb ****
make all 
Info: Building ../usb_kb_bsp/
C:/intelFPGA_lite/18.1/nios2eds/bin/gnu/H-x86_64-mingw32/bin/make --no-print-directory -C ../usb_kb_bsp/
[BSP build complete]
Info: Compiling usb_kb/MAX3421E.c to obj/default/usb_kb/MAX3421E.o
nios2-elf-gcc -xc -MP -MMD -c -I../usb_kb_bsp//HAL/inc -I../usb_kb_bsp/ -I../usb_kb_bsp//drivers/inc  -pipe -D__hal__ -DALT_NO_INSTRUCTION_EMULATION -DALT_SINGLE_THREADED    -O0 -g -Wall   -mno-hw-div -mno-hw-mul -mno-hw-mulx -mgpopt=global  -o obj/default/usb_kb/MAX3421E.o usb_kb/MAX3421E.c
usb_kb/MAX3421E.c: In function 'MAXreg_wr':
usb_kb/MAX3421E.c:36:7: warning: assignment makes integer from pointer without a cast [-Wint-conversion]
  x[0] = &reg+2;
       ^
usb_kb/MAX3421E.c:37:7: warning: assignment makes integer from pointer without a cast [-Wint-conversion]
  x[1] = &val;
       ^
usb_kb/MAX3421E.c: In function 'MAXbytes_wr':
usb_kb/MAX3421E.c:56:7: warning: assignment makes integer from pointer without a cast [-Wint-conversion]
  x[0] = &reg+2;
       ^
usb_kb/MAX3421E.c: In function 'MAXbytes_rd':
usb_kb/MAX3421E.c:100:20: warning: initialization makes integer from pointer without a cast [-Wint-conversion]
     alt_u8 x[1] = {&reg};
                    ^
usb_kb/MAX3421E.c:100:20: note: (near initialization for 'x[0]')
usb_kb/MAX3421E.c:98:6: warning: unused variable 'i' [-Wunused-variable]
  int i;
      ^
usb_kb/MAX3421E.c: In function 'MaxGpxHandler':
usb_kb/MAX3421E.c:246:7: warning: variable 'GPINIRQ' set but not used [-Wunused-but-set-variable]
  BYTE GPINIRQ;
       ^
usb_kb/MAX3421E.c: In function 'SPI_wr':
usb_kb/MAX3421E.c:28:1: warning: control reaches end of non-void function [-Wreturn-type]
 }
 ^
usb_kb/MAX3421E.c: In function 'MAXreg_rd':
usb_kb/MAX3421E.c:82:14: warning: 'read_data' is used uninitialized in this function [-Wuninitialized]
  return_code = alt_avalon_spi_command(SPI0_BASE,0,1,&reg,1,read_data,0);
              ^
Info: Linking usb_kb.elf
nios2-elf-g++  -T'../usb_kb_bsp//linker.x' -msys-crt0='../usb_kb_bsp//obj/HAL/src/crt0.o' -msys-lib=hal_bsp -L../usb_kb_bsp/   -Wl,-Map=usb_kb.map   -O0 -g -Wall   -mno-hw-div -mno-hw-mul -mno-hw-mulx -mgpopt=global  -o usb_kb.elf obj/default/main.o obj/default/usb_kb/HID.o obj/default/usb_kb/MAX3421E.o obj/default/usb_kb/transfer.o -lm -msys-lib=m
nios2-elf-insert usb_kb.elf --thread_model hal --cpu_name nios2_gen2_0 --qsys true --simulation_enabled false --id 0 --sidp 0x1e8 --timestamp 1634768704 --stderr_dev jtag_uart_0 --stdin_dev jtag_uart_0 --stdout_dev jtag_uart_0 --sopc_system_name lab62soc --quartus_project_dir "C:/Users/shenj/OneDrive/Desktop/ECE385/lab6_2" --jdi ../..//output_files/lab6_2.jdi --sopcinfo C:/Users/shenj/OneDrive/Desktop/ECE385/lab6_2/software/usb_kb_bsp/../../lab62soc.sopcinfo
Info: (usb_kb.elf) 82 KBytes program size (code + initialized data).
Info:              65446 KBytes free for stack + heap.
Info: Creating usb_kb.objdump
nios2-elf-objdump --disassemble --syms --all-header --source usb_kb.elf >usb_kb.objdump
[usb_kb build complete]
18:43:58 **** Incremental Build of configuration Nios II for project usb_kb_bsp ****
make all 
[BSP build complete]
18:44:04 **** Incremental Build of configuration Nios II for project usb_kb ****
make all 
Info: Building ../usb_kb_bsp/
C:/intelFPGA_lite/18.1/nios2eds/bin/gnu/H-x86_64-mingw32/bin/make --no-print-directory -C ../usb_kb_bsp/
[BSP build complete]
[usb_kb build complete]
18:45:05 **** Incremental Build of configuration Nios II for project usb_kb ****
make all 
Info: Building ../usb_kb_bsp/
C:/intelFPGA_lite/18.1/nios2eds/bin/gnu/H-x86_64-mingw32/bin/make --no-print-directory -C ../usb_kb_bsp/
[BSP build complete]
Info: Compiling usb_kb/MAX3421E.c to obj/default/usb_kb/MAX3421E.o
nios2-elf-gcc -xc -MP -MMD -c -I../usb_kb_bsp//HAL/inc -I../usb_kb_bsp/ -I../usb_kb_bsp//drivers/inc  -pipe -D__hal__ -DALT_NO_INSTRUCTION_EMULATION -DALT_SINGLE_THREADED    -O0 -g -Wall   -mno-hw-div -mno-hw-mul -mno-hw-mulx -mgpopt=global  -o obj/default/usb_kb/MAX3421E.o usb_kb/MAX3421E.c
usb_kb/MAX3421E.c: In function 'MAXreg_wr':
usb_kb/MAX3421E.c:36:7: warning: assignment makes integer from pointer without a cast [-Wint-conversion]
  x[0] = &reg+2;
       ^
usb_kb/MAX3421E.c:37:7: warning: assignment makes integer from pointer without a cast [-Wint-conversion]
  x[1] = &val;
       ^
usb_kb/MAX3421E.c: In function 'MAXbytes_wr':
usb_kb/MAX3421E.c:56:7: warning: assignment makes integer from pointer without a cast [-Wint-conversion]
  x[0] = &reg+2;
       ^
usb_kb/MAX3421E.c: In function 'MAXbytes_rd':
usb_kb/MAX3421E.c:100:20: warning: initialization makes integer from pointer without a cast [-Wint-conversion]
     alt_u8 x[1] = {&reg};
                    ^
usb_kb/MAX3421E.c:100:20: note: (near initialization for 'x[0]')
usb_kb/MAX3421E.c:98:6: warning: unused variable 'i' [-Wunused-variable]
  int i;
      ^
usb_kb/MAX3421E.c: In function 'MaxGpxHandler':
usb_kb/MAX3421E.c:246:7: warning: variable 'GPINIRQ' set but not used [-Wunused-but-set-variable]
  BYTE GPINIRQ;
       ^
usb_kb/MAX3421E.c: In function 'SPI_wr':
usb_kb/MAX3421E.c:28:1: warning: control reaches end of non-void function [-Wreturn-type]
 }
 ^
usb_kb/MAX3421E.c: In function 'MAXreg_rd':
usb_kb/MAX3421E.c:82:14: warning: 'read_data' is used uninitialized in this function [-Wuninitialized]
  return_code = alt_avalon_spi_command(SPI0_BASE,0,1,&reg,1,read_data,0);
              ^
Info: Linking usb_kb.elf
nios2-elf-g++  -T'../usb_kb_bsp//linker.x' -msys-crt0='../usb_kb_bsp//obj/HAL/src/crt0.o' -msys-lib=hal_bsp -L../usb_kb_bsp/   -Wl,-Map=usb_kb.map   -O0 -g -Wall   -mno-hw-div -mno-hw-mul -mno-hw-mulx -mgpopt=global  -o usb_kb.elf obj/default/main.o obj/default/usb_kb/HID.o obj/default/usb_kb/MAX3421E.o obj/default/usb_kb/transfer.o -lm -msys-lib=m
nios2-elf-insert usb_kb.elf --thread_model hal --cpu_name nios2_gen2_0 --qsys true --simulation_enabled false --id 0 --sidp 0x1e8 --timestamp 1634768704 --stderr_dev jtag_uart_0 --stdin_dev jtag_uart_0 --stdout_dev jtag_uart_0 --sopc_system_name lab62soc --quartus_project_dir "C:/Users/shenj/OneDrive/Desktop/ECE385/lab6_2" --jdi ../..//output_files/lab6_2.jdi --sopcinfo C:/Users/shenj/OneDrive/Desktop/ECE385/lab6_2/software/usb_kb_bsp/../../lab62soc.sopcinfo
Info: (usb_kb.elf) 82 KBytes program size (code + initialized data).
Info:              65446 KBytes free for stack + heap.
Info: Creating usb_kb.objdump
nios2-elf-objdump --disassemble --syms --all-header --source usb_kb.elf >usb_kb.objdump
[usb_kb build complete]
18:45:08 **** Incremental Build of configuration Nios II for project usb_kb_bsp ****
make all 
[BSP build complete]
18:45:13 **** Incremental Build of configuration Nios II for project usb_kb ****
make all 
Info: Building ../usb_kb_bsp/
C:/intelFPGA_lite/18.1/nios2eds/bin/gnu/H-x86_64-mingw32/bin/make --no-print-directory -C ../usb_kb_bsp/
[BSP build complete]
[usb_kb build complete]
18:50:04 **** Incremental Build of configuration Nios II for project usb_kb ****
make all 
Info: Building ../usb_kb_bsp/
C:/intelFPGA_lite/18.1/nios2eds/bin/gnu/H-x86_64-mingw32/bin/make --no-print-directory -C ../usb_kb_bsp/
[BSP build complete]
Info: Compiling usb_kb/MAX3421E.c to obj/default/usb_kb/MAX3421E.o
nios2-elf-gcc -xc -MP -MMD -c -I../usb_kb_bsp//HAL/inc -I../usb_kb_bsp/ -I../usb_kb_bsp//drivers/inc  -pipe -D__hal__ -DALT_NO_INSTRUCTION_EMULATION -DALT_SINGLE_THREADED    -O0 -g -Wall   -mno-hw-div -mno-hw-mul -mno-hw-mulx -mgpopt=global  -o obj/default/usb_kb/MAX3421E.o usb_kb/MAX3421E.c
usb_kb/MAX3421E.c: In function 'MAXreg_wr':
usb_kb/MAX3421E.c:36:7: warning: assignment makes integer from pointer without a cast [-Wint-conversion]
  x[0] = &reg+2;
       ^
usb_kb/MAX3421E.c:37:7: warning: assignment makes integer from pointer without a cast [-Wint-conversion]
  x[1] = &val;
       ^
usb_kb/MAX3421E.c:35:9: warning: variable 'x' set but not used [-Wunused-but-set-variable]
  alt_u8 x[2];
         ^
usb_kb/MAX3421E.c: In function 'MAXbytes_wr':
usb_kb/MAX3421E.c:57:7: warning: assignment makes integer from pointer without a cast [-Wint-conversion]
  x[0] = &reg+2;
       ^
usb_kb/MAX3421E.c: In function 'MAXbytes_rd':
usb_kb/MAX3421E.c:101:20: warning: initialization makes integer from pointer without a cast [-Wint-conversion]
     alt_u8 x[1] = {&reg};
                    ^
usb_kb/MAX3421E.c:101:20: note: (near initialization for 'x[0]')
usb_kb/MAX3421E.c:99:6: warning: unused variable 'i' [-Wunused-variable]
  int i;
      ^
usb_kb/MAX3421E.c: In function 'MaxGpxHandler':
usb_kb/MAX3421E.c:247:7: warning: variable 'GPINIRQ' set but not used [-Wunused-but-set-variable]
  BYTE GPINIRQ;
       ^
usb_kb/MAX3421E.c: In function 'SPI_wr':
usb_kb/MAX3421E.c:28:1: warning: control reaches end of non-void function [-Wreturn-type]
 }
 ^
usb_kb/MAX3421E.c: In function 'MAXreg_rd':
usb_kb/MAX3421E.c:83:14: warning: 'read_data' is used uninitialized in this function [-Wuninitialized]
  return_code = alt_avalon_spi_command(SPI0_BASE,0,1,&reg,1,read_data,0);
              ^
Info: Linking usb_kb.elf
nios2-elf-g++  -T'../usb_kb_bsp//linker.x' -msys-crt0='../usb_kb_bsp//obj/HAL/src/crt0.o' -msys-lib=hal_bsp -L../usb_kb_bsp/   -Wl,-Map=usb_kb.map   -O0 -g -Wall   -mno-hw-div -mno-hw-mul -mno-hw-mulx -mgpopt=global  -o usb_kb.elf obj/default/main.o obj/default/usb_kb/HID.o obj/default/usb_kb/MAX3421E.o obj/default/usb_kb/transfer.o -lm -msys-lib=m
nios2-elf-insert usb_kb.elf --thread_model hal --cpu_name nios2_gen2_0 --qsys true --simulation_enabled false --id 0 --sidp 0x1e8 --timestamp 1634768704 --stderr_dev jtag_uart_0 --stdin_dev jtag_uart_0 --stdout_dev jtag_uart_0 --sopc_system_name lab62soc --quartus_project_dir "C:/Users/shenj/OneDrive/Desktop/ECE385/lab6_2" --jdi ../..//output_files/lab6_2.jdi --sopcinfo C:/Users/shenj/OneDrive/Desktop/ECE385/lab6_2/software/usb_kb_bsp/../../lab62soc.sopcinfo
Info: (usb_kb.elf) 82 KBytes program size (code + initialized data).
Info:              65446 KBytes free for stack + heap.
Info: Creating usb_kb.objdump
nios2-elf-objdump --disassemble --syms --all-header --source usb_kb.elf >usb_kb.objdump
[usb_kb build complete]
18:50:12 **** Incremental Build of configuration Nios II for project usb_kb_bsp ****
make all 
[BSP build complete]
18:50:19 **** Incremental Build of configuration Nios II for project usb_kb ****
make all 
Info: Building ../usb_kb_bsp/
C:/intelFPGA_lite/18.1/nios2eds/bin/gnu/H-x86_64-mingw32/bin/make --no-print-directory -C ../usb_kb_bsp/
[BSP build complete]
[usb_kb build complete]
19:01:20 **** Incremental Build of configuration Nios II for project usb_kb ****
make all 
Info: Building ../usb_kb_bsp/
C:/intelFPGA_lite/18.1/nios2eds/bin/gnu/H-x86_64-mingw32/bin/make --no-print-directory -C ../usb_kb_bsp/
[BSP build complete]
Info: Compiling usb_kb/MAX3421E.c to obj/default/usb_kb/MAX3421E.o
nios2-elf-gcc -xc -MP -MMD -c -I../usb_kb_bsp//HAL/inc -I../usb_kb_bsp/ -I../usb_kb_bsp//drivers/inc  -pipe -D__hal__ -DALT_NO_INSTRUCTION_EMULATION -DALT_SINGLE_THREADED    -O0 -g -Wall   -mno-hw-div -mno-hw-mul -mno-hw-mulx -mgpopt=global  -o obj/default/usb_kb/MAX3421E.o usb_kb/MAX3421E.c
usb_kb/MAX3421E.c: In function 'MAXreg_wr':
usb_kb/MAX3421E.c:37:7: warning: assignment makes integer from pointer without a cast [-Wint-conversion]
  x[0] = &reg+2;
       ^
usb_kb/MAX3421E.c:38:7: warning: assignment makes integer from pointer without a cast [-Wint-conversion]
  x[1] = &val;
       ^
usb_kb/MAX3421E.c: In function 'MAXbytes_wr':
usb_kb/MAX3421E.c:57:7: warning: assignment makes integer from pointer without a cast [-Wint-conversion]
  x[0] = &reg+2;
       ^
usb_kb/MAX3421E.c: In function 'MAXbytes_rd':
usb_kb/MAX3421E.c:101:20: warning: initialization makes integer from pointer without a cast [-Wint-conversion]
     alt_u8 x[1] = {&reg};
                    ^
usb_kb/MAX3421E.c:101:20: note: (near initialization for 'x[0]')
usb_kb/MAX3421E.c:99:6: warning: unused variable 'i' [-Wunused-variable]
  int i;
      ^
usb_kb/MAX3421E.c: In function 'MaxGpxHandler':
usb_kb/MAX3421E.c:247:7: warning: variable 'GPINIRQ' set but not used [-Wunused-but-set-variable]
  BYTE GPINIRQ;
       ^
usb_kb/MAX3421E.c: In function 'MAXreg_rd':
usb_kb/MAX3421E.c:83:14: warning: 'read_data' is used uninitialized in this function [-Wuninitialized]
  return_code = alt_avalon_spi_command(SPI0_BASE,0,1,&reg,1,read_data,0);
              ^
Info: Linking usb_kb.elf
nios2-elf-g++  -T'../usb_kb_bsp//linker.x' -msys-crt0='../usb_kb_bsp//obj/HAL/src/crt0.o' -msys-lib=hal_bsp -L../usb_kb_bsp/   -Wl,-Map=usb_kb.map   -O0 -g -Wall   -mno-hw-div -mno-hw-mul -mno-hw-mulx -mgpopt=global  -o usb_kb.elf obj/default/main.o obj/default/usb_kb/HID.o obj/default/usb_kb/MAX3421E.o obj/default/usb_kb/transfer.o -lm -msys-lib=m
nios2-elf-insert usb_kb.elf --thread_model hal --cpu_name nios2_gen2_0 --qsys true --simulation_enabled false --id 0 --sidp 0x1e8 --timestamp 1634768704 --stderr_dev jtag_uart_0 --stdin_dev jtag_uart_0 --stdout_dev jtag_uart_0 --sopc_system_name lab62soc --quartus_project_dir "C:/Users/shenj/OneDrive/Desktop/ECE385/lab6_2" --jdi ../..//output_files/lab6_2.jdi --sopcinfo C:/Users/shenj/OneDrive/Desktop/ECE385/lab6_2/software/usb_kb_bsp/../../lab62soc.sopcinfo
Info: (usb_kb.elf) 82 KBytes program size (code + initialized data).
Info:              65446 KBytes free for stack + heap.
Info: Creating usb_kb.objdump
nios2-elf-objdump --disassemble --syms --all-header --source usb_kb.elf >usb_kb.objdump
[usb_kb build complete]
19:01:23 **** Incremental Build of configuration Nios II for project usb_kb_bsp ****
make all 
[BSP build complete]
19:01:29 **** Incremental Build of configuration Nios II for project usb_kb ****
make all 
Info: Building ../usb_kb_bsp/
C:/intelFPGA_lite/18.1/nios2eds/bin/gnu/H-x86_64-mingw32/bin/make --no-print-directory -C ../usb_kb_bsp/
[BSP build complete]
[usb_kb build complete]
19:12:31 **** Incremental Build of configuration Nios II for project usb_kb ****
make all 
Info: Building ../usb_kb_bsp/
C:/intelFPGA_lite/18.1/nios2eds/bin/gnu/H-x86_64-mingw32/bin/make --no-print-directory -C ../usb_kb_bsp/
[BSP build complete]
Info: Compiling main.c to obj/default/main.o
nios2-elf-gcc -xc -MP -MMD -c -I../usb_kb_bsp//HAL/inc -I../usb_kb_bsp/ -I../usb_kb_bsp//drivers/inc  -pipe -D__hal__ -DALT_NO_INSTRUCTION_EMULATION -DALT_SINGLE_THREADED    -O0 -g -Wall   -mno-hw-div -mno-hw-mul -mno-hw-mulx -mgpopt=global  -o obj/default/main.o main.c
main.c: In function 'main':
main.c:141:7: warning: unused variable 'keycode' [-Wunused-variable]
  WORD keycode;
       ^
Info: Linking usb_kb.elf
nios2-elf-g++  -T'../usb_kb_bsp//linker.x' -msys-crt0='../usb_kb_bsp//obj/HAL/src/crt0.o' -msys-lib=hal_bsp -L../usb_kb_bsp/   -Wl,-Map=usb_kb.map   -O0 -g -Wall   -mno-hw-div -mno-hw-mul -mno-hw-mulx -mgpopt=global  -o usb_kb.elf obj/default/main.o obj/default/usb_kb/HID.o obj/default/usb_kb/MAX3421E.o obj/default/usb_kb/transfer.o -lm -msys-lib=m
nios2-elf-insert usb_kb.elf --thread_model hal --cpu_name nios2_gen2_0 --qsys true --simulation_enabled false --id 0 --sidp 0x1e8 --timestamp 1634768704 --stderr_dev jtag_uart_0 --stdin_dev jtag_uart_0 --stdout_dev jtag_uart_0 --sopc_system_name lab62soc --quartus_project_dir "C:/Users/shenj/OneDrive/Desktop/ECE385/lab6_2" --jdi ../..//output_files/lab6_2.jdi --sopcinfo C:/Users/shenj/OneDrive/Desktop/ECE385/lab6_2/software/usb_kb_bsp/../../lab62soc.sopcinfo
Info: (usb_kb.elf) 82 KBytes program size (code + initialized data).
Info:              65446 KBytes free for stack + heap.
Info: Creating usb_kb.objdump
nios2-elf-objdump --disassemble --syms --all-header --source usb_kb.elf >usb_kb.objdump
[usb_kb build complete]
19:12:34 **** Incremental Build of configuration Nios II for project usb_kb_bsp ****
make all 
[BSP build complete]
19:12:40 **** Incremental Build of configuration Nios II for project usb_kb ****
make all 
Info: Building ../usb_kb_bsp/
C:/intelFPGA_lite/18.1/nios2eds/bin/gnu/H-x86_64-mingw32/bin/make --no-print-directory -C ../usb_kb_bsp/
[BSP build complete]
[usb_kb build complete]
19:14:44 **** Incremental Build of configuration Nios II for project usb_kb ****
make all 
Info: Building ../usb_kb_bsp/
C:/intelFPGA_lite/18.1/nios2eds/bin/gnu/H-x86_64-mingw32/bin/make --no-print-directory -C ../usb_kb_bsp/
[BSP build complete]
Info: Compiling main.c to obj/default/main.o
nios2-elf-gcc -xc -MP -MMD -c -I../usb_kb_bsp//HAL/inc -I../usb_kb_bsp/ -I../usb_kb_bsp//drivers/inc  -pipe -D__hal__ -DALT_NO_INSTRUCTION_EMULATION -DALT_SINGLE_THREADED    -O0 -g -Wall   -mno-hw-div -mno-hw-mul -mno-hw-mulx -mgpopt=global  -o obj/default/main.o main.c
main.c: In function 'main':
main.c:141:7: warning: unused variable 'keycode' [-Wunused-variable]
  WORD keycode;
       ^
Info: Compiling usb_kb/MAX3421E.c to obj/default/usb_kb/MAX3421E.o
nios2-elf-gcc -xc -MP -MMD -c -I../usb_kb_bsp//HAL/inc -I../usb_kb_bsp/ -I../usb_kb_bsp//drivers/inc  -pipe -D__hal__ -DALT_NO_INSTRUCTION_EMULATION -DALT_SINGLE_THREADED    -O0 -g -Wall   -mno-hw-div -mno-hw-mul -mno-hw-mulx -mgpopt=global  -o obj/default/usb_kb/MAX3421E.o usb_kb/MAX3421E.c
usb_kb/MAX3421E.c: In function 'MAXbytes_wr':
usb_kb/MAX3421E.c:57:7: warning: assignment makes integer from pointer without a cast [-Wint-conversion]
  x[0] = &reg+2;
       ^
usb_kb/MAX3421E.c: In function 'MAXbytes_rd':
usb_kb/MAX3421E.c:101:20: warning: initialization makes integer from pointer without a cast [-Wint-conversion]
     alt_u8 x[1] = {&reg};
                    ^
usb_kb/MAX3421E.c:101:20: note: (near initialization for 'x[0]')
usb_kb/MAX3421E.c:99:6: warning: unused variable 'i' [-Wunused-variable]
  int i;
      ^
usb_kb/MAX3421E.c: In function 'MaxGpxHandler':
usb_kb/MAX3421E.c:247:7: warning: variable 'GPINIRQ' set but not used [-Wunused-but-set-variable]
  BYTE GPINIRQ;
       ^
usb_kb/MAX3421E.c: In function 'MAXreg_rd':
usb_kb/MAX3421E.c:83:14: warning: 'read_data' is used uninitialized in this function [-Wuninitialized]
  return_code = alt_avalon_spi_command(SPI0_BASE,0,1,&reg,1,read_data,0);
              ^
Info: Linking usb_kb.elf
nios2-elf-g++  -T'../usb_kb_bsp//linker.x' -msys-crt0='../usb_kb_bsp//obj/HAL/src/crt0.o' -msys-lib=hal_bsp -L../usb_kb_bsp/   -Wl,-Map=usb_kb.map   -O0 -g -Wall   -mno-hw-div -mno-hw-mul -mno-hw-mulx -mgpopt=global  -o usb_kb.elf obj/default/main.o obj/default/usb_kb/HID.o obj/default/usb_kb/MAX3421E.o obj/default/usb_kb/transfer.o -lm -msys-lib=m
nios2-elf-insert usb_kb.elf --thread_model hal --cpu_name nios2_gen2_0 --qsys true --simulation_enabled false --id 0 --sidp 0x1e8 --timestamp 1634768704 --stderr_dev jtag_uart_0 --stdin_dev jtag_uart_0 --stdout_dev jtag_uart_0 --sopc_system_name lab62soc --quartus_project_dir "C:/Users/shenj/OneDrive/Desktop/ECE385/lab6_2" --jdi ../..//output_files/lab6_2.jdi --sopcinfo C:/Users/shenj/OneDrive/Desktop/ECE385/lab6_2/software/usb_kb_bsp/../../lab62soc.sopcinfo
Info: (usb_kb.elf) 82 KBytes program size (code + initialized data).
Info:              65446 KBytes free for stack + heap.
Info: Creating usb_kb.objdump
nios2-elf-objdump --disassemble --syms --all-header --source usb_kb.elf >usb_kb.objdump
[usb_kb build complete]
19:14:47 **** Incremental Build of configuration Nios II for project usb_kb_bsp ****
make all 
[BSP build complete]
19:14:52 **** Incremental Build of configuration Nios II for project usb_kb ****
make all 
Info: Building ../usb_kb_bsp/
C:/intelFPGA_lite/18.1/nios2eds/bin/gnu/H-x86_64-mingw32/bin/make --no-print-directory -C ../usb_kb_bsp/
[BSP build complete]
[usb_kb build complete]
19:16:01 **** Incremental Build of configuration Nios II for project usb_kb ****
make all 
Info: Building ../usb_kb_bsp/
C:/intelFPGA_lite/18.1/nios2eds/bin/gnu/H-x86_64-mingw32/bin/make --no-print-directory -C ../usb_kb_bsp/
[BSP build complete]
[usb_kb build complete]
19:18:41 **** Incremental Build of configuration Nios II for project usb_kb ****
make all 
Info: Building ../usb_kb_bsp/
C:/intelFPGA_lite/18.1/nios2eds/bin/gnu/H-x86_64-mingw32/bin/make --no-print-directory -C ../usb_kb_bsp/
[BSP build complete]
Info: Compiling usb_kb/MAX3421E.c to obj/default/usb_kb/MAX3421E.o
nios2-elf-gcc -xc -MP -MMD -c -I../usb_kb_bsp//HAL/inc -I../usb_kb_bsp/ -I../usb_kb_bsp//drivers/inc  -pipe -D__hal__ -DALT_NO_INSTRUCTION_EMULATION -DALT_SINGLE_THREADED    -O0 -g -Wall   -mno-hw-div -mno-hw-mul -mno-hw-mulx -mgpopt=global  -o obj/default/usb_kb/MAX3421E.o usb_kb/MAX3421E.c
usb_kb/MAX3421E.c: In function 'MAXbytes_rd':
usb_kb/MAX3421E.c:99:6: warning: unused variable 'i' [-Wunused-variable]
  int i;
      ^
usb_kb/MAX3421E.c: In function 'MaxGpxHandler':
usb_kb/MAX3421E.c:247:7: warning: variable 'GPINIRQ' set but not used [-Wunused-but-set-variable]
  BYTE GPINIRQ;
       ^
usb_kb/MAX3421E.c: In function 'MAXreg_rd':
usb_kb/MAX3421E.c:83:14: warning: 'read_data' is used uninitialized in this function [-Wuninitialized]
  return_code = alt_avalon_spi_command(SPI0_BASE,0,1,&reg,1,read_data,0);
              ^
Info: Linking usb_kb.elf
nios2-elf-g++  -T'../usb_kb_bsp//linker.x' -msys-crt0='../usb_kb_bsp//obj/HAL/src/crt0.o' -msys-lib=hal_bsp -L../usb_kb_bsp/   -Wl,-Map=usb_kb.map   -O0 -g -Wall   -mno-hw-div -mno-hw-mul -mno-hw-mulx -mgpopt=global  -o usb_kb.elf obj/default/main.o obj/default/usb_kb/HID.o obj/default/usb_kb/MAX3421E.o obj/default/usb_kb/transfer.o -lm -msys-lib=m
nios2-elf-insert usb_kb.elf --thread_model hal --cpu_name nios2_gen2_0 --qsys true --simulation_enabled false --id 0 --sidp 0x1e8 --timestamp 1634768704 --stderr_dev jtag_uart_0 --stdin_dev jtag_uart_0 --stdout_dev jtag_uart_0 --sopc_system_name lab62soc --quartus_project_dir "C:/Users/shenj/OneDrive/Desktop/ECE385/lab6_2" --jdi ../..//output_files/lab6_2.jdi --sopcinfo C:/Users/shenj/OneDrive/Desktop/ECE385/lab6_2/software/usb_kb_bsp/../../lab62soc.sopcinfo
Info: (usb_kb.elf) 82 KBytes program size (code + initialized data).
Info:              65446 KBytes free for stack + heap.
Info: Creating usb_kb.objdump
nios2-elf-objdump --disassemble --syms --all-header --source usb_kb.elf >usb_kb.objdump
[usb_kb build complete]
19:18:44 **** Incremental Build of configuration Nios II for project usb_kb_bsp ****
make all 
[BSP build complete]
19:18:54 **** Incremental Build of configuration Nios II for project usb_kb ****
make all 
Info: Building ../usb_kb_bsp/
C:/intelFPGA_lite/18.1/nios2eds/bin/gnu/H-x86_64-mingw32/bin/make --no-print-directory -C ../usb_kb_bsp/
[BSP build complete]
[usb_kb build complete]
19:29:23 **** Incremental Build of configuration Nios II for project usb_kb ****
make all 
Info: Building ../usb_kb_bsp/
C:/intelFPGA_lite/18.1/nios2eds/bin/gnu/H-x86_64-mingw32/bin/make --no-print-directory -C ../usb_kb_bsp/
[BSP build complete]
Info: Compiling usb_kb/MAX3421E.c to obj/default/usb_kb/MAX3421E.o
nios2-elf-gcc -xc -MP -MMD -c -I../usb_kb_bsp//HAL/inc -I../usb_kb_bsp/ -I../usb_kb_bsp//drivers/inc  -pipe -D__hal__ -DALT_NO_INSTRUCTION_EMULATION -DALT_SINGLE_THREADED    -O0 -g -Wall   -mno-hw-div -mno-hw-mul -mno-hw-mulx -mgpopt=global  -o obj/default/usb_kb/MAX3421E.o usb_kb/MAX3421E.c
usb_kb/MAX3421E.c: In function 'MaxGpxHandler':
usb_kb/MAX3421E.c:242:7: warning: variable 'GPINIRQ' set but not used [-Wunused-but-set-variable]
  BYTE GPINIRQ;
       ^
usb_kb/MAX3421E.c: In function 'SPI_wr':
usb_kb/MAX3421E.c:28:1: warning: control reaches end of non-void function [-Wreturn-type]
 }
 ^
Info: Linking usb_kb.elf
nios2-elf-g++  -T'../usb_kb_bsp//linker.x' -msys-crt0='../usb_kb_bsp//obj/HAL/src/crt0.o' -msys-lib=hal_bsp -L../usb_kb_bsp/   -Wl,-Map=usb_kb.map   -O0 -g -Wall   -mno-hw-div -mno-hw-mul -mno-hw-mulx -mgpopt=global  -o usb_kb.elf obj/default/main.o obj/default/usb_kb/HID.o obj/default/usb_kb/MAX3421E.o obj/default/usb_kb/transfer.o -lm -msys-lib=m
nios2-elf-insert usb_kb.elf --thread_model hal --cpu_name nios2_gen2_0 --qsys true --simulation_enabled false --id 0 --sidp 0x1e8 --timestamp 1634768704 --stderr_dev jtag_uart_0 --stdin_dev jtag_uart_0 --stdout_dev jtag_uart_0 --sopc_system_name lab62soc --quartus_project_dir "C:/Users/shenj/OneDrive/Desktop/ECE385/lab6_2" --jdi ../..//output_files/lab6_2.jdi --sopcinfo C:/Users/shenj/OneDrive/Desktop/ECE385/lab6_2/software/usb_kb_bsp/../../lab62soc.sopcinfo
Info: (usb_kb.elf) 82 KBytes program size (code + initialized data).
Info:              65446 KBytes free for stack + heap.
Info: Creating usb_kb.objdump
nios2-elf-objdump --disassemble --syms --all-header --source usb_kb.elf >usb_kb.objdump
[usb_kb build complete]
19:29:26 **** Incremental Build of configuration Nios II for project usb_kb_bsp ****
make all 
[BSP build complete]
19:29:32 **** Incremental Build of configuration Nios II for project usb_kb ****
make all 
Info: Building ../usb_kb_bsp/
C:/intelFPGA_lite/18.1/nios2eds/bin/gnu/H-x86_64-mingw32/bin/make --no-print-directory -C ../usb_kb_bsp/
[BSP build complete]
[usb_kb build complete]
19:32:24 **** Incremental Build of configuration Nios II for project usb_kb ****
make all 
Info: Building ../usb_kb_bsp/
C:/intelFPGA_lite/18.1/nios2eds/bin/gnu/H-x86_64-mingw32/bin/make --no-print-directory -C ../usb_kb_bsp/
[BSP build complete]
Info: Compiling main.c to obj/default/main.o
nios2-elf-gcc -xc -MP -MMD -c -I../usb_kb_bsp//HAL/inc -I../usb_kb_bsp/ -I../usb_kb_bsp//drivers/inc  -pipe -D__hal__ -DALT_NO_INSTRUCTION_EMULATION -DALT_SINGLE_THREADED    -O0 -g -Wall   -mno-hw-div -mno-hw-mul -mno-hw-mulx -mgpopt=global  -o obj/default/main.o main.c
main.c: In function 'main':
main.c:141:7: warning: unused variable 'keycode' [-Wunused-variable]
  WORD keycode;
       ^
Info: Linking usb_kb.elf
nios2-elf-g++  -T'../usb_kb_bsp//linker.x' -msys-crt0='../usb_kb_bsp//obj/HAL/src/crt0.o' -msys-lib=hal_bsp -L../usb_kb_bsp/   -Wl,-Map=usb_kb.map   -O0 -g -Wall   -mno-hw-div -mno-hw-mul -mno-hw-mulx -mgpopt=global  -o usb_kb.elf obj/default/main.o obj/default/usb_kb/HID.o obj/default/usb_kb/MAX3421E.o obj/default/usb_kb/transfer.o -lm -msys-lib=m
nios2-elf-insert usb_kb.elf --thread_model hal --cpu_name nios2_gen2_0 --qsys true --simulation_enabled false --id 0 --sidp 0x1e8 --timestamp 1634768704 --stderr_dev jtag_uart_0 --stdin_dev jtag_uart_0 --stdout_dev jtag_uart_0 --sopc_system_name lab62soc --quartus_project_dir "C:/Users/shenj/OneDrive/Desktop/ECE385/lab6_2" --jdi ../..//output_files/lab6_2.jdi --sopcinfo C:/Users/shenj/OneDrive/Desktop/ECE385/lab6_2/software/usb_kb_bsp/../../lab62soc.sopcinfo
Info: (usb_kb.elf) 82 KBytes program size (code + initialized data).
Info:              65446 KBytes free for stack + heap.
Info: Creating usb_kb.objdump
nios2-elf-objdump --disassemble --syms --all-header --source usb_kb.elf >usb_kb.objdump
[usb_kb build complete]
19:32:27 **** Incremental Build of configuration Nios II for project usb_kb_bsp ****
make all 
[BSP build complete]
19:32:31 **** Incremental Build of configuration Nios II for project usb_kb ****
make all 
Info: Building ../usb_kb_bsp/
C:/intelFPGA_lite/18.1/nios2eds/bin/gnu/H-x86_64-mingw32/bin/make --no-print-directory -C ../usb_kb_bsp/
[BSP build complete]
[usb_kb build complete]
19:41:13 **** Incremental Build of configuration Nios II for project usb_kb ****
make all 
Info: Building ../usb_kb_bsp/
C:/intelFPGA_lite/18.1/nios2eds/bin/gnu/H-x86_64-mingw32/bin/make --no-print-directory -C ../usb_kb_bsp/
[BSP build complete]
[usb_kb build complete]
19:41:14 **** Incremental Build of configuration Nios II for project usb_kb_bsp ****
make all 
[BSP build complete]
19:41:24 **** Incremental Build of configuration Nios II for project usb_kb ****
make all 
Info: Building ../usb_kb_bsp/
C:/intelFPGA_lite/18.1/nios2eds/bin/gnu/H-x86_64-mingw32/bin/make --no-print-directory -C ../usb_kb_bsp/
[BSP build complete]
[usb_kb build complete]
19:41:26 **** Incremental Build of configuration Nios II for project usb_kb_bsp ****
make all 
[BSP build complete]
19:41:35 **** Incremental Build of configuration Nios II for project usb_kb ****
make all 
Info: Building ../usb_kb_bsp/
C:/intelFPGA_lite/18.1/nios2eds/bin/gnu/H-x86_64-mingw32/bin/make --no-print-directory -C ../usb_kb_bsp/
[BSP build complete]
[usb_kb build complete]
19:48:22 **** Incremental Build of configuration Nios II for project usb_kb ****
make all 
Info: Building ../usb_kb_bsp/
C:/intelFPGA_lite/18.1/nios2eds/bin/gnu/H-x86_64-mingw32/bin/make --no-print-directory -C ../usb_kb_bsp/
[BSP build complete]
[usb_kb build complete]
19:48:24 **** Incremental Build of configuration Nios II for project usb_kb_bsp ****
make all 
[BSP build complete]
19:48:29 **** Incremental Build of configuration Nios II for project usb_kb ****
make all 
Info: Building ../usb_kb_bsp/
C:/intelFPGA_lite/18.1/nios2eds/bin/gnu/H-x86_64-mingw32/bin/make --no-print-directory -C ../usb_kb_bsp/
[BSP build complete]
[usb_kb build complete]
12:41:47 **** Incremental Build of configuration Nios II for project usb_kb ****
make all 
Info: Building ../usb_kb_bsp/
C:/intelFPGA_lite/18.1/nios2eds/bin/gnu/H-x86_64-mingw32/bin/make --no-print-directory -C ../usb_kb_bsp/
Compiling alt_alarm_start.c...
nios2-elf-gcc -xc -MP -MMD -c  -I./HAL/inc -I. -I./drivers/inc -pipe -D__hal__ -DALT_NO_INSTRUCTION_EMULATION -DALT_SINGLE_THREADED    -O0 -g -Wall  -mno-hw-div -mno-hw-mul -mno-hw-mulx -mgpopt=global   -o obj/HAL/src/alt_alarm_start.o HAL/src/alt_alarm_start.c
Compiling alt_busy_sleep.c...
nios2-elf-gcc -xc -MP -MMD -c  -I./HAL/inc -I. -I./drivers/inc -pipe -D__hal__ -DALT_NO_INSTRUCTION_EMULATION -DALT_SINGLE_THREADED    -O0 -g -Wall  -mno-hw-div -mno-hw-mul -mno-hw-mulx -mgpopt=global   -o obj/HAL/src/alt_busy_sleep.o HAL/src/alt_busy_sleep.c
Compiling alt_close.c...
nios2-elf-gcc -xc -MP -MMD -c  -I./HAL/inc -I. -I./drivers/inc -pipe -D__hal__ -DALT_NO_INSTRUCTION_EMULATION -DALT_SINGLE_THREADED    -O0 -g -Wall  -mno-hw-div -mno-hw-mul -mno-hw-mulx -mgpopt=global   -o obj/HAL/src/alt_close.o HAL/src/alt_close.c
Compiling alt_dcache_flush.c...
nios2-elf-gcc -xc -MP -MMD -c  -I./HAL/inc -I. -I./drivers/inc -pipe -D__hal__ -DALT_NO_INSTRUCTION_EMULATION -DALT_SINGLE_THREADED    -O0 -g -Wall  -mno-hw-div -mno-hw-mul -mno-hw-mulx -mgpopt=global   -o obj/HAL/src/alt_dcache_flush.o HAL/src/alt_dcache_flush.c
Compiling alt_dcache_flush_all.c...
nios2-elf-gcc -xc -MP -MMD -c  -I./HAL/inc -I. -I./drivers/inc -pipe -D__hal__ -DALT_NO_INSTRUCTION_EMULATION -DALT_SINGLE_THREADED    -O0 -g -Wall  -mno-hw-div -mno-hw-mul -mno-hw-mulx -mgpopt=global   -o obj/HAL/src/alt_dcache_flush_all.o HAL/src/alt_dcache_flush_all.c
Compiling alt_dcache_flush_no_writeback.c...
nios2-elf-gcc -xc -MP -MMD -c  -I./HAL/inc -I. -I./drivers/inc -pipe -D__hal__ -DALT_NO_INSTRUCTION_EMULATION -DALT_SINGLE_THREADED    -O0 -g -Wall  -mno-hw-div -mno-hw-mul -mno-hw-mulx -mgpopt=global   -o obj/HAL/src/alt_dcache_flush_no_writeback.o HAL/src/alt_dcache_flush_no_writeback.c
Compiling alt_dev.c...
nios2-elf-gcc -xc -MP -MMD -c  -I./HAL/inc -I. -I./drivers/inc -pipe -D__hal__ -DALT_NO_INSTRUCTION_EMULATION -DALT_SINGLE_THREADED    -O0 -g -Wall  -mno-hw-div -mno-hw-mul -mno-hw-mulx -mgpopt=global   -o obj/HAL/src/alt_dev.o HAL/src/alt_dev.c
Compiling alt_dma_rxchan_open.c...
nios2-elf-gcc -xc -MP -MMD -c  -I./HAL/inc -I. -I./drivers/inc -pipe -D__hal__ -DALT_NO_INSTRUCTION_EMULATION -DALT_SINGLE_THREADED    -O0 -g -Wall  -mno-hw-div -mno-hw-mul -mno-hw-mulx -mgpopt=global   -o obj/HAL/src/alt_dma_rxchan_open.o HAL/src/alt_dma_rxchan_open.c
Compiling alt_dma_txchan_open.c...
nios2-elf-gcc -xc -MP -MMD -c  -I./HAL/inc -I. -I./drivers/inc -pipe -D__hal__ -DALT_NO_INSTRUCTION_EMULATION -DALT_SINGLE_THREADED    -O0 -g -Wall  -mno-hw-div -mno-hw-mul -mno-hw-mulx -mgpopt=global   -o obj/HAL/src/alt_dma_txchan_open.o HAL/src/alt_dma_txchan_open.c
Compiling alt_ecc_fatal_exception.c...
nios2-elf-gcc -xc -MP -MMD -c  -I./HAL/inc -I. -I./drivers/inc -pipe -D__hal__ -DALT_NO_INSTRUCTION_EMULATION -DALT_SINGLE_THREADED    -O0 -g -Wall  -mno-hw-div -mno-hw-mul -mno-hw-mulx -mgpopt=global   -o obj/HAL/src/alt_ecc_fatal_exception.o HAL/src/alt_ecc_fatal_exception.c
Compiling alt_exception_entry.S...
nios2-elf-gcc -MP -MMD -c   -O0 -g -Wall  -mno-hw-div -mno-hw-mul -mno-hw-mulx -mgpopt=global    -I./HAL/inc -I. -I./drivers/inc -pipe -D__hal__ -DALT_NO_INSTRUCTION_EMULATION -DALT_SINGLE_THREADED  -Wa,-gdwarf2  -o obj/HAL/src/alt_exception_entry.o HAL/src/alt_exception_entry.S
Compiling alt_exit.c...
nios2-elf-gcc -xc -MP -MMD -c  -I./HAL/inc -I. -I./drivers/inc -pipe -D__hal__ -DALT_NO_INSTRUCTION_EMULATION -DALT_SINGLE_THREADED    -O0 -g -Wall  -mno-hw-div -mno-hw-mul -mno-hw-mulx -mgpopt=global   -o obj/HAL/src/alt_exit.o HAL/src/alt_exit.c
Compiling alt_fcntl.c...
nios2-elf-gcc -xc -MP -MMD -c  -I./HAL/inc -I. -I./drivers/inc -pipe -D__hal__ -DALT_NO_INSTRUCTION_EMULATION -DALT_SINGLE_THREADED    -O0 -g -Wall  -mno-hw-div -mno-hw-mul -mno-hw-mulx -mgpopt=global   -o obj/HAL/src/alt_fcntl.o HAL/src/alt_fcntl.c
Compiling alt_fd_lock.c...
nios2-elf-gcc -xc -MP -MMD -c  -I./HAL/inc -I. -I./drivers/inc -pipe -D__hal__ -DALT_NO_INSTRUCTION_EMULATION -DALT_SINGLE_THREADED    -O0 -g -Wall  -mno-hw-div -mno-hw-mul -mno-hw-mulx -mgpopt=global   -o obj/HAL/src/alt_fd_lock.o HAL/src/alt_fd_lock.c
Compiling alt_fd_unlock.c...
nios2-elf-gcc -xc -MP -MMD -c  -I./HAL/inc -I. -I./drivers/inc -pipe -D__hal__ -DALT_NO_INSTRUCTION_EMULATION -DALT_SINGLE_THREADED    -O0 -g -Wall  -mno-hw-div -mno-hw-mul -mno-hw-mulx -mgpopt=global   -o obj/HAL/src/alt_fd_unlock.o HAL/src/alt_fd_unlock.c
Compiling alt_find_dev.c...
nios2-elf-gcc -xc -MP -MMD -c  -I./HAL/inc -I. -I./drivers/inc -pipe -D__hal__ -DALT_NO_INSTRUCTION_EMULATION -DALT_SINGLE_THREADED    -O0 -g -Wall  -mno-hw-div -mno-hw-mul -mno-hw-mulx -mgpopt=global   -o obj/HAL/src/alt_find_dev.o HAL/src/alt_find_dev.c
Compiling alt_find_file.c...
nios2-elf-gcc -xc -MP -MMD -c  -I./HAL/inc -I. -I./drivers/inc -pipe -D__hal__ -DALT_NO_INSTRUCTION_EMULATION -DALT_SINGLE_THREADED    -O0 -g -Wall  -mno-hw-div -mno-hw-mul -mno-hw-mulx -mgpopt=global   -o obj/HAL/src/alt_find_file.o HAL/src/alt_find_file.c
Compiling alt_flash_dev.c...
nios2-elf-gcc -xc -MP -MMD -c  -I./HAL/inc -I. -I./drivers/inc -pipe -D__hal__ -DALT_NO_INSTRUCTION_EMULATION -DALT_SINGLE_THREADED    -O0 -g -Wall  -mno-hw-div -mno-hw-mul -mno-hw-mulx -mgpopt=global   -o obj/HAL/src/alt_flash_dev.o HAL/src/alt_flash_dev.c
Compiling alt_fs_reg.c...
nios2-elf-gcc -xc -MP -MMD -c  -I./HAL/inc -I. -I./drivers/inc -pipe -D__hal__ -DALT_NO_INSTRUCTION_EMULATION -DALT_SINGLE_THREADED    -O0 -g -Wall  -mno-hw-div -mno-hw-mul -mno-hw-mulx -mgpopt=global   -o obj/HAL/src/alt_fs_reg.o HAL/src/alt_fs_reg.c
Compiling alt_fstat.c...
nios2-elf-gcc -xc -MP -MMD -c  -I./HAL/inc -I. -I./drivers/inc -pipe -D__hal__ -DALT_NO_INSTRUCTION_EMULATION -DALT_SINGLE_THREADED    -O0 -g -Wall  -mno-hw-div -mno-hw-mul -mno-hw-mulx -mgpopt=global   -o obj/HAL/src/alt_fstat.o HAL/src/alt_fstat.c
Compiling alt_get_fd.c...
nios2-elf-gcc -xc -MP -MMD -c  -I./HAL/inc -I. -I./drivers/inc -pipe -D__hal__ -DALT_NO_INSTRUCTION_EMULATION -DALT_SINGLE_THREADED    -O0 -g -Wall  -mno-hw-div -mno-hw-mul -mno-hw-mulx -mgpopt=global   -o obj/HAL/src/alt_get_fd.o HAL/src/alt_get_fd.c
Compiling alt_gmon.c...
nios2-elf-gcc -xc -MP -MMD -c  -I./HAL/inc -I. -I./drivers/inc -pipe -D__hal__ -DALT_NO_INSTRUCTION_EMULATION -DALT_SINGLE_THREADED    -O0 -g -Wall  -mno-hw-div -mno-hw-mul -mno-hw-mulx -mgpopt=global   -o obj/HAL/src/alt_gmon.o HAL/src/alt_gmon.c
Compiling alt_icache_flush.c...
nios2-elf-gcc -xc -MP -MMD -c  -I./HAL/inc -I. -I./drivers/inc -pipe -D__hal__ -DALT_NO_INSTRUCTION_EMULATION -DALT_SINGLE_THREADED    -O0 -g -Wall  -mno-hw-div -mno-hw-mul -mno-hw-mulx -mgpopt=global   -o obj/HAL/src/alt_icache_flush.o HAL/src/alt_icache_flush.c
Compiling alt_icache_flush_all.c...
nios2-elf-gcc -xc -MP -MMD -c  -I./HAL/inc -I. -I./drivers/inc -pipe -D__hal__ -DALT_NO_INSTRUCTION_EMULATION -DALT_SINGLE_THREADED    -O0 -g -Wall  -mno-hw-div -mno-hw-mul -mno-hw-mulx -mgpopt=global   -o obj/HAL/src/alt_icache_flush_all.o HAL/src/alt_icache_flush_all.c
Compiling alt_iic.c...
nios2-elf-gcc -xc -MP -MMD -c  -I./HAL/inc -I. -I./drivers/inc -pipe -D__hal__ -DALT_NO_INSTRUCTION_EMULATION -DALT_SINGLE_THREADED    -O0 -g -Wall  -mno-hw-div -mno-hw-mul -mno-hw-mulx -mgpopt=global   -o obj/HAL/src/alt_iic.o HAL/src/alt_iic.c
Compiling alt_iic_isr_register.c...
nios2-elf-gcc -xc -MP -MMD -c  -I./HAL/inc -I. -I./drivers/inc -pipe -D__hal__ -DALT_NO_INSTRUCTION_EMULATION -DALT_SINGLE_THREADED    -O0 -g -Wall  -mno-hw-div -mno-hw-mul -mno-hw-mulx -mgpopt=global   -o obj/HAL/src/alt_iic_isr_register.o HAL/src/alt_iic_isr_register.c
Compiling alt_instruction_exception_entry.c...
nios2-elf-gcc -xc -MP -MMD -c  -I./HAL/inc -I. -I./drivers/inc -pipe -D__hal__ -DALT_NO_INSTRUCTION_EMULATION -DALT_SINGLE_THREADED    -O0 -g -Wall  -mno-hw-div -mno-hw-mul -mno-hw-mulx -mgpopt=global   -o obj/HAL/src/alt_instruction_exception_entry.o HAL/src/alt_instruction_exception_entry.c
Compiling alt_instruction_exception_register.c...
nios2-elf-gcc -xc -MP -MMD -c  -I./HAL/inc -I. -I./drivers/inc -pipe -D__hal__ -DALT_NO_INSTRUCTION_EMULATION -DALT_SINGLE_THREADED    -O0 -g -Wall  -mno-hw-div -mno-hw-mul -mno-hw-mulx -mgpopt=global   -o obj/HAL/src/alt_instruction_exception_register.o HAL/src/alt_instruction_exception_register.c
Compiling alt_io_redirect.c...
nios2-elf-gcc -xc -MP -MMD -c  -I./HAL/inc -I. -I./drivers/inc -pipe -D__hal__ -DALT_NO_INSTRUCTION_EMULATION -DALT_SINGLE_THREADED    -O0 -g -Wall  -mno-hw-div -mno-hw-mul -mno-hw-mulx -mgpopt=global   -o obj/HAL/src/alt_io_redirect.o HAL/src/alt_io_redirect.c
Compiling alt_ioctl.c...
nios2-elf-gcc -xc -MP -MMD -c  -I./HAL/inc -I. -I./drivers/inc -pipe -D__hal__ -DALT_NO_INSTRUCTION_EMULATION -DALT_SINGLE_THREADED    -O0 -g -Wall  -mno-hw-div -mno-hw-mul -mno-hw-mulx -mgpopt=global   -o obj/HAL/src/alt_ioctl.o HAL/src/alt_ioctl.c
Compiling alt_irq_entry.S...
nios2-elf-gcc -MP -MMD -c   -O0 -g -Wall  -mno-hw-div -mno-hw-mul -mno-hw-mulx -mgpopt=global    -I./HAL/inc -I. -I./drivers/inc -pipe -D__hal__ -DALT_NO_INSTRUCTION_EMULATION -DALT_SINGLE_THREADED  -Wa,-gdwarf2  -o obj/HAL/src/alt_irq_entry.o HAL/src/alt_irq_entry.S
Compiling alt_irq_handler.c...
nios2-elf-gcc -xc -MP -MMD -c  -I./HAL/inc -I. -I./drivers/inc -pipe -D__hal__ -DALT_NO_INSTRUCTION_EMULATION -DALT_SINGLE_THREADED    -O0 -g -Wall  -mno-hw-div -mno-hw-mul -mno-hw-mulx -mgpopt=global   -o obj/HAL/src/alt_irq_handler.o HAL/src/alt_irq_handler.c
Compiling alt_irq_register.c...
nios2-elf-gcc -xc -MP -MMD -c  -I./HAL/inc -I. -I./drivers/inc -pipe -D__hal__ -DALT_NO_INSTRUCTION_EMULATION -DALT_SINGLE_THREADED    -O0 -g -Wall  -mno-hw-div -mno-hw-mul -mno-hw-mulx -mgpopt=global   -o obj/HAL/src/alt_irq_register.o HAL/src/alt_irq_register.c
Compiling alt_irq_vars.c...
nios2-elf-gcc -xc -MP -MMD -c  -I./HAL/inc -I. -I./drivers/inc -pipe -D__hal__ -DALT_NO_INSTRUCTION_EMULATION -DALT_SINGLE_THREADED    -O0 -g -Wall  -mno-hw-div -mno-hw-mul -mno-hw-mulx -mgpopt=global   -o obj/HAL/src/alt_irq_vars.o HAL/src/alt_irq_vars.c
Compiling alt_isatty.c...
nios2-elf-gcc -xc -MP -MMD -c  -I./HAL/inc -I. -I./drivers/inc -pipe -D__hal__ -DALT_NO_INSTRUCTION_EMULATION -DALT_SINGLE_THREADED    -O0 -g -Wall  -mno-hw-div -mno-hw-mul -mno-hw-mulx -mgpopt=global   -o obj/HAL/src/alt_isatty.o HAL/src/alt_isatty.c
Compiling alt_lseek.c...
nios2-elf-gcc -xc -MP -MMD -c  -I./HAL/inc -I. -I./drivers/inc -pipe -D__hal__ -DALT_NO_INSTRUCTION_EMULATION -DALT_SINGLE_THREADED    -O0 -g -Wall  -mno-hw-div -mno-hw-mul -mno-hw-mulx -mgpopt=global   -o obj/HAL/src/alt_lseek.o HAL/src/alt_lseek.c
Compiling alt_main.c...
nios2-elf-gcc -xc -MP -MMD -c  -I./HAL/inc -I. -I./drivers/inc -pipe -D__hal__ -DALT_NO_INSTRUCTION_EMULATION -DALT_SINGLE_THREADED    -O0 -g -Wall  -mno-hw-div -mno-hw-mul -mno-hw-mulx -mgpopt=global   -o obj/HAL/src/alt_main.o HAL/src/alt_main.c
Compiling alt_open.c...
nios2-elf-gcc -xc -MP -MMD -c  -I./HAL/inc -I. -I./drivers/inc -pipe -D__hal__ -DALT_NO_INSTRUCTION_EMULATION -DALT_SINGLE_THREADED    -O0 -g -Wall  -mno-hw-div -mno-hw-mul -mno-hw-mulx -mgpopt=global   -o obj/HAL/src/alt_open.o HAL/src/alt_open.c
Compiling alt_read.c...
nios2-elf-gcc -xc -MP -MMD -c  -I./HAL/inc -I. -I./drivers/inc -pipe -D__hal__ -DALT_NO_INSTRUCTION_EMULATION -DALT_SINGLE_THREADED    -O0 -g -Wall  -mno-hw-div -mno-hw-mul -mno-hw-mulx -mgpopt=global   -o obj/HAL/src/alt_read.o HAL/src/alt_read.c
Compiling alt_release_fd.c...
nios2-elf-gcc -xc -MP -MMD -c  -I./HAL/inc -I. -I./drivers/inc -pipe -D__hal__ -DALT_NO_INSTRUCTION_EMULATION -DALT_SINGLE_THREADED    -O0 -g -Wall  -mno-hw-div -mno-hw-mul -mno-hw-mulx -mgpopt=global   -o obj/HAL/src/alt_release_fd.o HAL/src/alt_release_fd.c
Compiling alt_remap_cached.c...
nios2-elf-gcc -xc -MP -MMD -c  -I./HAL/inc -I. -I./drivers/inc -pipe -D__hal__ -DALT_NO_INSTRUCTION_EMULATION -DALT_SINGLE_THREADED    -O0 -g -Wall  -mno-hw-div -mno-hw-mul -mno-hw-mulx -mgpopt=global   -o obj/HAL/src/alt_remap_cached.o HAL/src/alt_remap_cached.c
Compiling alt_remap_uncached.c...
nios2-elf-gcc -xc -MP -MMD -c  -I./HAL/inc -I. -I./drivers/inc -pipe -D__hal__ -DALT_NO_INSTRUCTION_EMULATION -DALT_SINGLE_THREADED    -O0 -g -Wall  -mno-hw-div -mno-hw-mul -mno-hw-mulx -mgpopt=global   -o obj/HAL/src/alt_remap_uncached.o HAL/src/alt_remap_uncached.c
Compiling alt_sbrk.c...
nios2-elf-gcc -xc -MP -MMD -c  -I./HAL/inc -I. -I./drivers/inc -pipe -D__hal__ -DALT_NO_INSTRUCTION_EMULATION -DALT_SINGLE_THREADED    -O0 -g -Wall  -mno-hw-div -mno-hw-mul -mno-hw-mulx -mgpopt=global   -o obj/HAL/src/alt_sbrk.o HAL/src/alt_sbrk.c
Compiling alt_software_exception.S...
nios2-elf-gcc -MP -MMD -c   -O0 -g -Wall  -mno-hw-div -mno-hw-mul -mno-hw-mulx -mgpopt=global    -I./HAL/inc -I. -I./drivers/inc -pipe -D__hal__ -DALT_NO_INSTRUCTION_EMULATION -DALT_SINGLE_THREADED  -Wa,-gdwarf2  -o obj/HAL/src/alt_software_exception.o HAL/src/alt_software_exception.S
Compiling alt_tick.c...
nios2-elf-gcc -xc -MP -MMD -c  -I./HAL/inc -I. -I./drivers/inc -pipe -D__hal__ -DALT_NO_INSTRUCTION_EMULATION -DALT_SINGLE_THREADED    -O0 -g -Wall  -mno-hw-div -mno-hw-mul -mno-hw-mulx -mgpopt=global   -o obj/HAL/src/alt_tick.o HAL/src/alt_tick.c
Compiling alt_uncached_free.c...
nios2-elf-gcc -xc -MP -MMD -c  -I./HAL/inc -I. -I./drivers/inc -pipe -D__hal__ -DALT_NO_INSTRUCTION_EMULATION -DALT_SINGLE_THREADED    -O0 -g -Wall  -mno-hw-div -mno-hw-mul -mno-hw-mulx -mgpopt=global   -o obj/HAL/src/alt_uncached_free.o HAL/src/alt_uncached_free.c
Compiling alt_uncached_malloc.c...
nios2-elf-gcc -xc -MP -MMD -c  -I./HAL/inc -I. -I./drivers/inc -pipe -D__hal__ -DALT_NO_INSTRUCTION_EMULATION -DALT_SINGLE_THREADED    -O0 -g -Wall  -mno-hw-div -mno-hw-mul -mno-hw-mulx -mgpopt=global   -o obj/HAL/src/alt_uncached_malloc.o HAL/src/alt_uncached_malloc.c
Compiling alt_write.c...
nios2-elf-gcc -xc -MP -MMD -c  -I./HAL/inc -I. -I./drivers/inc -pipe -D__hal__ -DALT_NO_INSTRUCTION_EMULATION -DALT_SINGLE_THREADED    -O0 -g -Wall  -mno-hw-div -mno-hw-mul -mno-hw-mulx -mgpopt=global   -o obj/HAL/src/alt_write.o HAL/src/alt_write.c
Compiling altera_nios2_gen2_irq.c...
nios2-elf-gcc -xc -MP -MMD -c  -I./HAL/inc -I. -I./drivers/inc -pipe -D__hal__ -DALT_NO_INSTRUCTION_EMULATION -DALT_SINGLE_THREADED    -O0 -g -Wall  -mno-hw-div -mno-hw-mul -mno-hw-mulx -mgpopt=global   -o obj/HAL/src/altera_nios2_gen2_irq.o HAL/src/altera_nios2_gen2_irq.c
Compiling crt0.S...
nios2-elf-gcc -MP -MMD -c   -O0 -g -Wall  -mno-hw-div -mno-hw-mul -mno-hw-mulx -mgpopt=global    -I./HAL/inc -I. -I./drivers/inc -pipe -D__hal__ -DALT_NO_INSTRUCTION_EMULATION -DALT_SINGLE_THREADED  -Wa,-gdwarf2  -o obj/HAL/src/crt0.o HAL/src/crt0.S
Compiling alt_sys_init.c...
nios2-elf-gcc -xc -MP -MMD -c  -I./HAL/inc -I. -I./drivers/inc -pipe -D__hal__ -DALT_NO_INSTRUCTION_EMULATION -DALT_SINGLE_THREADED    -O0 -g -Wall  -mno-hw-div -mno-hw-mul -mno-hw-mulx -mgpopt=global   -o obj/alt_sys_init.o alt_sys_init.c
Compiling altera_avalon_jtag_uart_fd.c...
nios2-elf-gcc -xc -MP -MMD -c  -I./HAL/inc -I. -I./drivers/inc -pipe -D__hal__ -DALT_NO_INSTRUCTION_EMULATION -DALT_SINGLE_THREADED    -O0 -g -Wall  -mno-hw-div -mno-hw-mul -mno-hw-mulx -mgpopt=global   -o obj/drivers/src/altera_avalon_jtag_uart_fd.o drivers/src/altera_avalon_jtag_uart_fd.c
Compiling altera_avalon_jtag_uart_init.c...
nios2-elf-gcc -xc -MP -MMD -c  -I./HAL/inc -I. -I./drivers/inc -pipe -D__hal__ -DALT_NO_INSTRUCTION_EMULATION -DALT_SINGLE_THREADED    -O0 -g -Wall  -mno-hw-div -mno-hw-mul -mno-hw-mulx -mgpopt=global   -o obj/drivers/src/altera_avalon_jtag_uart_init.o drivers/src/altera_avalon_jtag_uart_init.c
Compiling altera_avalon_jtag_uart_ioctl.c...
nios2-elf-gcc -xc -MP -MMD -c  -I./HAL/inc -I. -I./drivers/inc -pipe -D__hal__ -DALT_NO_INSTRUCTION_EMULATION -DALT_SINGLE_THREADED    -O0 -g -Wall  -mno-hw-div -mno-hw-mul -mno-hw-mulx -mgpopt=global   -o obj/drivers/src/altera_avalon_jtag_uart_ioctl.o drivers/src/altera_avalon_jtag_uart_ioctl.c
Compiling altera_avalon_jtag_uart_read.c...
nios2-elf-gcc -xc -MP -MMD -c  -I./HAL/inc -I. -I./drivers/inc -pipe -D__hal__ -DALT_NO_INSTRUCTION_EMULATION -DALT_SINGLE_THREADED    -O0 -g -Wall  -mno-hw-div -mno-hw-mul -mno-hw-mulx -mgpopt=global   -o obj/drivers/src/altera_avalon_jtag_uart_read.o drivers/src/altera_avalon_jtag_uart_read.c
Compiling altera_avalon_jtag_uart_write.c...
nios2-elf-gcc -xc -MP -MMD -c  -I./HAL/inc -I. -I./drivers/inc -pipe -D__hal__ -DALT_NO_INSTRUCTION_EMULATION -DALT_SINGLE_THREADED    -O0 -g -Wall  -mno-hw-div -mno-hw-mul -mno-hw-mulx -mgpopt=global   -o obj/drivers/src/altera_avalon_jtag_uart_write.o drivers/src/altera_avalon_jtag_uart_write.c
Compiling altera_avalon_sysid_qsys.c...
nios2-elf-gcc -xc -MP -MMD -c  -I./HAL/inc -I. -I./drivers/inc -pipe -D__hal__ -DALT_NO_INSTRUCTION_EMULATION -DALT_SINGLE_THREADED    -O0 -g -Wall  -mno-hw-div -mno-hw-mul -mno-hw-mulx -mgpopt=global   -o obj/drivers/src/altera_avalon_sysid_qsys.o drivers/src/altera_avalon_sysid_qsys.c
Compiling altera_avalon_timer_sc.c...
nios2-elf-gcc -xc -MP -MMD -c  -I./HAL/inc -I. -I./drivers/inc -pipe -D__hal__ -DALT_NO_INSTRUCTION_EMULATION -DALT_SINGLE_THREADED    -O0 -g -Wall  -mno-hw-div -mno-hw-mul -mno-hw-mulx -mgpopt=global   -o obj/drivers/src/altera_avalon_timer_sc.o drivers/src/altera_avalon_timer_sc.c
Compiling altera_avalon_timer_ts.c...
nios2-elf-gcc -xc -MP -MMD -c  -I./HAL/inc -I. -I./drivers/inc -pipe -D__hal__ -DALT_NO_INSTRUCTION_EMULATION -DALT_SINGLE_THREADED    -O0 -g -Wall  -mno-hw-div -mno-hw-mul -mno-hw-mulx -mgpopt=global   -o obj/drivers/src/altera_avalon_timer_ts.o drivers/src/altera_avalon_timer_ts.c
Compiling altera_avalon_timer_vars.c...
nios2-elf-gcc -xc -MP -MMD -c  -I./HAL/inc -I. -I./drivers/inc -pipe -D__hal__ -DALT_NO_INSTRUCTION_EMULATION -DALT_SINGLE_THREADED    -O0 -g -Wall  -mno-hw-div -mno-hw-mul -mno-hw-mulx -mgpopt=global   -o obj/drivers/src/altera_avalon_timer_vars.o drivers/src/altera_avalon_timer_vars.c
Creating libhal_bsp.a...
rm -f -f libhal_bsp.a
nios2-elf-ar -src libhal_bsp.a obj/HAL/src/alt_alarm_start.o obj/HAL/src/alt_busy_sleep.o obj/HAL/src/alt_close.o obj/HAL/src/alt_dcache_flush.o obj/HAL/src/alt_dcache_flush_all.o obj/HAL/src/alt_dcache_flush_no_writeback.o obj/HAL/src/alt_dev.o obj/HAL/src/alt_dev_llist_insert.o obj/HAL/src/alt_dma_rxchan_open.o obj/HAL/src/alt_dma_txchan_open.o obj/HAL/src/alt_do_ctors.o obj/HAL/src/alt_do_dtors.o obj/HAL/src/alt_ecc_fatal_entry.o obj/HAL/src/alt_ecc_fatal_exception.o obj/HAL/src/alt_env_lock.o obj/HAL/src/alt_environ.o obj/HAL/src/alt_errno.o obj/HAL/src/alt_exception_entry.o obj/HAL/src/alt_exception_muldiv.o obj/HAL/src/alt_exception_trap.o obj/HAL/src/alt_execve.o obj/HAL/src/alt_exit.o obj/HAL/src/alt_fcntl.o obj/HAL/src/alt_fd_lock.o obj/HAL/src/alt_fd_unlock.o obj/HAL/src/alt_find_dev.o obj/HAL/src/alt_find_file.o obj/HAL/src/alt_flash_dev.o obj/HAL/src/alt_fork.o obj/HAL/src/alt_fs_reg.o obj/HAL/src/alt_fstat.o obj/HAL/src/alt_get_fd.o obj/HAL/src/alt_getchar.o obj/HAL/src/alt_getpid.o obj/HAL/src/alt_gettod.o obj/HAL/src/alt_gmon.o obj/HAL/src/alt_icache_flush.o obj/HAL/src/alt_icache_flush_all.o obj/HAL/src/alt_iic.o obj/HAL/src/alt_iic_isr_register.o obj/HAL/src/alt_instruction_exception_entry.o obj/HAL/src/alt_instruction_exception_register.o obj/HAL/src/alt_io_redirect.o obj/HAL/src/alt_ioctl.o obj/HAL/src/alt_irq_entry.o obj/HAL/src/alt_irq_handler.o obj/HAL/src/alt_irq_register.o obj/HAL/src/alt_irq_vars.o obj/HAL/src/alt_isatty.o obj/HAL/src/alt_kill.o obj/HAL/src/alt_link.o obj/HAL/src/alt_load.o obj/HAL/src/alt_log_macro.o obj/HAL/src/alt_log_printf.o obj/HAL/src/alt_lseek.o obj/HAL/src/alt_main.o obj/HAL/src/alt_malloc_lock.o obj/HAL/src/alt_mcount.o obj/HAL/src/alt_open.o obj/HAL/src/alt_printf.o obj/HAL/src/alt_putchar.o obj/HAL/src/alt_putcharbuf.o obj/HAL/src/alt_putstr.o obj/HAL/src/alt_read.o obj/HAL/src/alt_release_fd.o obj/HAL/src/alt_remap_cached.o obj/HAL/src/alt_remap_uncached.o obj/HAL/src/alt_rename.o obj/HAL/src/alt_sbrk.o obj/HAL/src/alt_settod.o obj/HAL/src/alt_software_exception.o obj/HAL/src/alt_stat.o obj/HAL/src/alt_tick.o obj/HAL/src/alt_times.o obj/HAL/src/alt_uncached_free.o obj/HAL/src/alt_uncached_malloc.o obj/HAL/src/alt_unlink.o obj/HAL/src/alt_usleep.o obj/HAL/src/alt_wait.o obj/HAL/src/alt_write.o obj/HAL/src/altera_nios2_gen2_irq.o obj/HAL/src/crt0.o obj/alt_sys_init.o obj/drivers/src/altera_avalon_jtag_uart_fd.o obj/drivers/src/altera_avalon_jtag_uart_init.o obj/drivers/src/altera_avalon_jtag_uart_ioctl.o obj/drivers/src/altera_avalon_jtag_uart_read.o obj/drivers/src/altera_avalon_jtag_uart_write.o obj/drivers/src/altera_avalon_spi.o obj/drivers/src/altera_avalon_sysid_qsys.o obj/drivers/src/altera_avalon_timer_sc.o obj/drivers/src/altera_avalon_timer_ts.o obj/drivers/src/altera_avalon_timer_vars.o
[BSP build complete]
Info: Compiling main.c to obj/default/main.o
nios2-elf-gcc -xc -MP -MMD -c -I../usb_kb_bsp//HAL/inc -I../usb_kb_bsp/ -I../usb_kb_bsp//drivers/inc  -pipe -D__hal__ -DALT_NO_INSTRUCTION_EMULATION -DALT_SINGLE_THREADED    -O0 -g -Wall   -mno-hw-div -mno-hw-mul -mno-hw-mulx -mgpopt=global  -o obj/default/main.o main.c
main.c: In function 'main':
main.c:141:7: warning: unused variable 'keycode' [-Wunused-variable]
  WORD keycode;
       ^
Info: Compiling usb_kb/MAX3421E.c to obj/default/usb_kb/MAX3421E.o
nios2-elf-gcc -xc -MP -MMD -c -I../usb_kb_bsp//HAL/inc -I../usb_kb_bsp/ -I../usb_kb_bsp//drivers/inc  -pipe -D__hal__ -DALT_NO_INSTRUCTION_EMULATION -DALT_SINGLE_THREADED    -O0 -g -Wall   -mno-hw-div -mno-hw-mul -mno-hw-mulx -mgpopt=global  -o obj/default/usb_kb/MAX3421E.o usb_kb/MAX3421E.c
usb_kb/MAX3421E.c: In function 'MaxGpxHandler':
usb_kb/MAX3421E.c:242:7: warning: variable 'GPINIRQ' set but not used [-Wunused-but-set-variable]
  BYTE GPINIRQ;
       ^
usb_kb/MAX3421E.c: In function 'SPI_wr':
usb_kb/MAX3421E.c:28:1: warning: control reaches end of non-void function [-Wreturn-type]
 }
 ^
Info: Compiling usb_kb/transfer.c to obj/default/usb_kb/transfer.o
nios2-elf-gcc -xc -MP -MMD -c -I../usb_kb_bsp//HAL/inc -I../usb_kb_bsp/ -I../usb_kb_bsp//drivers/inc  -pipe -D__hal__ -DALT_NO_INSTRUCTION_EMULATION -DALT_SINGLE_THREADED    -O0 -g -Wall   -mno-hw-div -mno-hw-mul -mno-hw-mulx -mgpopt=global  -o obj/default/usb_kb/transfer.o usb_kb/transfer.c
usb_kb/transfer.c:9:1: warning: braces around scalar initializer
 EP_RECORD dev0ep = {{ 0 }};         //Endpoint data structure for uninitialized device during enumeration
 ^
usb_kb/transfer.c:9:1: note: (near initialization for 'dev0ep.epAddr')
usb_kb/transfer.c: In function 'XferInTransfer':
usb_kb/transfer.c:195:7: warning: unused variable 'tmpbyte' [-Wunused-variable]
  BYTE tmpbyte;
       ^
usb_kb/transfer.c:194:7: warning: unused variable 'i' [-Wunused-variable]
  BYTE i;
       ^
usb_kb/transfer.c: In function 'USB_Task':
usb_kb/transfer.c:316:20: warning: implicit declaration of function 'printf' [-Wimplicit-function-declaration]
                    printf ("Mfgr string(%i): %s\n", buf.iManufacturer, ConvUTF8ToStr(strDesc.bString, (strDesc.bLength>>1)-1));
                    ^
usb_kb/transfer.c:316:20: warning: incompatible implicit declaration of built-in function 'printf'
usb_kb/transfer.c:316:20: note: include '<stdio.h>' or provide a declaration of 'printf'
usb_kb/transfer.c:323:20: warning: incompatible implicit declaration of built-in function 'printf'
                    printf ("Product string(%i): %s\n", buf.iProduct, ConvUTF8ToStr(strDesc.bString, (strDesc.bLength>>1)-1));
                    ^
usb_kb/transfer.c:323:20: note: include '<stdio.h>' or provide a declaration of 'printf'
Info: Linking usb_kb.elf
nios2-elf-g++  -T'../usb_kb_bsp//linker.x' -msys-crt0='../usb_kb_bsp//obj/HAL/src/crt0.o' -msys-lib=hal_bsp -L../usb_kb_bsp/   -Wl,-Map=usb_kb.map   -O0 -g -Wall   -mno-hw-div -mno-hw-mul -mno-hw-mulx -mgpopt=global  -o usb_kb.elf obj/default/main.o obj/default/usb_kb/HID.o obj/default/usb_kb/MAX3421E.o obj/default/usb_kb/transfer.o -lm -msys-lib=m
nios2-elf-insert usb_kb.elf --thread_model hal --cpu_name nios2_gen2_0 --qsys true --simulation_enabled false --id 0 --sidp 0x1e8 --timestamp 1634791789 --stderr_dev jtag_uart_0 --stdin_dev jtag_uart_0 --stdout_dev jtag_uart_0 --sopc_system_name lab62soc --quartus_project_dir "C:/Users/shenj/OneDrive/Desktop/ECE385/lab6_2" --jdi ../..//output_files/lab6_2.jdi --sopcinfo C:/Users/shenj/OneDrive/Desktop/ECE385/lab6_2/software/usb_kb_bsp/../../lab62soc.sopcinfo
Info: (usb_kb.elf) 82 KBytes program size (code + initialized data).
Info:              65446 KBytes free for stack + heap.
Info: Creating usb_kb.objdump
nios2-elf-objdump --disassemble --syms --all-header --source usb_kb.elf >usb_kb.objdump
[usb_kb build complete]
12:42:01 **** Incremental Build of configuration Nios II for project usb_kb_bsp ****
make all 
[BSP build complete]
12:42:13 **** Incremental Build of configuration Nios II for project usb_kb ****
make all 
Info: Building ../usb_kb_bsp/
C:/intelFPGA_lite/18.1/nios2eds/bin/gnu/H-x86_64-mingw32/bin/make --no-print-directory -C ../usb_kb_bsp/
[BSP build complete]
[usb_kb build complete]
13:00:49 **** Incremental Build of configuration Nios II for project usb_kb ****
make all 
Info: Building ../usb_kb_bsp/
C:/intelFPGA_lite/18.1/nios2eds/bin/gnu/H-x86_64-mingw32/bin/make --no-print-directory -C ../usb_kb_bsp/
[BSP build complete]
[usb_kb build complete]
13:22:32 **** Incremental Build of configuration Nios II for project usb_kb ****
make all 
Info: Building ../usb_kb_bsp/
C:/intelFPGA_lite/18.1/nios2eds/bin/gnu/H-x86_64-mingw32/bin/make --no-print-directory -C ../usb_kb_bsp/
[BSP build complete]
[usb_kb build complete]
13:23:30 **** Incremental Build of configuration Nios II for project usb_kb ****
make all 
Info: Building ../usb_kb_bsp/
C:/intelFPGA_lite/18.1/nios2eds/bin/gnu/H-x86_64-mingw32/bin/make --no-print-directory -C ../usb_kb_bsp/
[BSP build complete]
[usb_kb build complete]
13:28:08 **** Incremental Build of configuration Nios II for project usb_kb ****
make all 
Info: Building ../usb_kb_bsp/
C:/intelFPGA_lite/18.1/nios2eds/bin/gnu/H-x86_64-mingw32/bin/make --no-print-directory -C ../usb_kb_bsp/
[BSP build complete]
[usb_kb build complete]
13:43:57 **** Incremental Build of configuration Nios II for project usb_kb ****
make all 
Info: Building ../usb_kb_bsp/
C:/intelFPGA_lite/18.1/nios2eds/bin/gnu/H-x86_64-mingw32/bin/make --no-print-directory -C ../usb_kb_bsp/
[BSP build complete]
[usb_kb build complete]
13:49:25 **** Incremental Build of configuration Nios II for project usb_kb ****
make all 
Info: Building ../usb_kb_bsp/
C:/intelFPGA_lite/18.1/nios2eds/bin/gnu/H-x86_64-mingw32/bin/make --no-print-directory -C ../usb_kb_bsp/
[BSP build complete]
[usb_kb build complete]
13:53:19 **** Incremental Build of configuration Nios II for project usb_kb ****
make all 
Info: Building ../usb_kb_bsp/
C:/intelFPGA_lite/18.1/nios2eds/bin/gnu/H-x86_64-mingw32/bin/make --no-print-directory -C ../usb_kb_bsp/
[BSP build complete]
[usb_kb build complete]
13:54:01 **** Incremental Build of configuration Nios II for project usb_kb ****
make all 
Info: Building ../usb_kb_bsp/
C:/intelFPGA_lite/18.1/nios2eds/bin/gnu/H-x86_64-mingw32/bin/make --no-print-directory -C ../usb_kb_bsp/
[BSP build complete]
[usb_kb build complete]
13:54:29 **** Incremental Build of configuration Nios II for project usb_kb ****
make all 
Info: Building ../usb_kb_bsp/
C:/intelFPGA_lite/18.1/nios2eds/bin/gnu/H-x86_64-mingw32/bin/make --no-print-directory -C ../usb_kb_bsp/
[BSP build complete]
[usb_kb build complete]
10:00:42 **** Incremental Build of configuration Nios II for project usb_kb ****
make all 
Info: Building ../usb_kb_bsp/
C:/intelFPGA_lite/18.1/nios2eds/bin/gnu/H-x86_64-mingw32/bin/make --no-print-directory -C ../usb_kb_bsp/
[BSP build complete]
[usb_kb build complete]
